\BOOKMARK [1][-]{section.1}{\376\377\173\200\116\313}{}% 1
\BOOKMARK [2][-]{subsection.1.1}{\376\377\166\356\150\007}{section.1}% 2
\BOOKMARK [2][-]{subsection.1.2}{\376\377\143\021\142\030}{section.1}% 3
\BOOKMARK [2][-]{subsection.1.3}{\376\377\145\271\154\325}{section.1}% 4
\BOOKMARK [2][-]{subsection.1.4}{\376\377\165\253\140\305\137\161\124\315}{section.1}% 5
\BOOKMARK [1][-]{section.2}{\376\377\200\314\146\157}{}% 6
\BOOKMARK [2][-]{subsection.2.1}{\376\377\122\115\116\272\135\345\117\134}{section.2}% 7
\BOOKMARK [2][-]{subsection.2.2}{\376\377\150\300\155\113}{section.2}% 8
\BOOKMARK [3][-]{subsubsection.2.2.1}{\376\377\200\314\146\157\155\210\226\144}{subsection.2.2}% 9
\BOOKMARK [3][-]{subsubsection.2.2.2}{\376\377\165\050\127\372\116\216\000\040\000H\000O\000G\000\040\166\204\000\040\000S\000V\000M\000\040\217\333\210\114\150\300\155\113}{subsection.2.2}% 10
\BOOKMARK [3][-]{subsubsection.2.2.3}{\376\377\165\050\000\040\000M\000a\000s\000k\000-\000R\000C\000N\000N\000\040\150\300\155\113}{subsection.2.2}% 11
\BOOKMARK [2][-]{subsection.2.3}{\376\377\122\006\174\173}{section.2}% 12
\BOOKMARK [3][-]{subsubsection.2.3.1}{\376\377\162\171\137\201}{subsection.2.3}% 13
\BOOKMARK [3][-]{subsubsection.2.3.2}{\376\377\211\306\211\311\213\315\123\005}{subsection.2.3}% 14
\BOOKMARK [3][-]{subsubsection.2.3.3}{\376\377\122\006\174\173\126\150}{subsection.2.3}% 15
\BOOKMARK [2][-]{subsection.2.4}{\376\377\217\375\216\052}{section.2}% 16
\BOOKMARK [3][-]{subsubsection.2.4.1}{\376\377\000K\000a\000l\000m\000a\000n\000\040\156\344\154\342\126\150}{subsection.2.4}% 17
\BOOKMARK [3][-]{subsubsection.2.4.2}{\376\377\145\366\136\217\217\336\215\057}{subsection.2.4}% 18
\BOOKMARK [1][-]{section.3}{\376\377\133\236\163\260}{}% 19
\BOOKMARK [2][-]{subsection.3.1}{\376\377\174\373\176\337\135\345\117\134\155\101\172\013}{section.3}% 20
\BOOKMARK [2][-]{subsection.3.2}{\376\377\150\300\155\113}{section.3}% 21
\BOOKMARK [3][-]{subsubsection.3.2.1}{\376\377\121\110\232\214\167\345\213\306}{subsection.3.2}% 22
\BOOKMARK [3][-]{subsubsection.3.2.2}{\376\377\000B\000a\000c\000k\000g\000r\000o\000u\000n\000d\000\040\000s\000u\000b\000t\000r\000a\000c\000t\000i\000o\000n}{subsection.3.2}% 23
\BOOKMARK [3][-]{subsubsection.3.2.3}{\376\377\127\372\116\216\000\040\000H\000O\000G\000\040\166\204\000\040\000S\000V\000M\000\040\122\006\174\173\126\150}{subsection.3.2}% 24
\BOOKMARK [3][-]{subsubsection.3.2.4}{\376\377\000M\000a\000s\000k\000-\000R\000C\000N\000N\000\040\150\300\155\113\126\150}{subsection.3.2}% 25
\BOOKMARK [2][-]{subsection.3.3}{\376\377\122\006\174\173}{section.3}% 26
\BOOKMARK [2][-]{subsection.3.4}{\376\377\217\375\216\052}{section.3}% 27
\BOOKMARK [2][-]{subsection.3.5}{\376\377\217\375\216\052\162\107\153\265\156\005\164\006\000\040\000\046\000\040\150\007\173\176\150\041\153\143}{section.3}% 28
\BOOKMARK [3][-]{subsubsection.3.5.1}{\376\377\162\107\153\265\156\005\164\006}{subsection.3.5}% 29
\BOOKMARK [3][-]{subsubsection.3.5.2}{\376\377\000L\000a\000b\000e\000l\000\040\000c\000o\000r\000r\000e\000c\000t\000i\000o\000n}{subsection.3.5}% 30
\BOOKMARK [2][-]{subsection.3.6}{\376\377\146\076\171\072}{section.3}% 31
\BOOKMARK [2][-]{subsection.3.7}{\376\377\155\113\213\325}{section.3}% 32
\BOOKMARK [1][-]{section.4}{\376\377\155\113\213\304}{}% 33
\BOOKMARK [2][-]{subsection.4.1}{\376\377\150\300\155\113}{section.4}% 34
\BOOKMARK [3][-]{subsubsection.4.1.1}{\376\377\145\160\143\156\145\066\226\306}{subsection.4.1}% 35
\BOOKMARK [3][-]{subsubsection.4.1.2}{\376\377\213\304\116\367\150\007\121\306}{subsection.4.1}% 36
\BOOKMARK [3][-]{subsubsection.4.1.3}{\376\377\155\113\213\325\116\016\133\236\232\214}{subsection.4.1}% 37
\BOOKMARK [2][-]{subsection.4.2}{\376\377\122\006\174\173}{section.4}% 38
\BOOKMARK [1][-]{section.5}{\376\377\123\315\140\035}{}% 39
\BOOKMARK [2][-]{subsection.5.1}{\376\377\142\020\122\237}{section.5}% 40
\BOOKMARK [2][-]{subsection.5.2}{\376\377\143\320\123\107}{section.5}% 41
\BOOKMARK [2][-]{subsection.5.3}{\376\377\147\052\147\145\135\345\117\134}{section.5}% 42
\BOOKMARK [2][-]{subsection.5.4}{\376\377\176\323\213\272}{section.5}% 43
