This is XeTeX, Version 3.14159265-2.6-0.999992 (TeX Live 2020/W32TeX) (preloaded format=xelatex 2020.5.7)  2 JUN 2020 16:45
entering extended mode
 restricted \write18 enabled.
 %&-line parsing enabled.
**report.tex
(./report.tex
LaTeX2e <2020-02-02> patch level 5
L3 programming layer <2020-03-06>
(d:/Program_Files/texlive/2020/texmf-dist/tex/latex/base/article.cls
Document Class: article 2019/12/20 v1.4l Standard LaTeX document class
(d:/Program_Files/texlive/2020/texmf-dist/tex/latex/base/size10.clo
File: size10.clo 2019/12/20 v1.4l Standard LaTeX file (size option)
)
\c@part=\count163
\c@section=\count164
\c@subsection=\count165
\c@subsubsection=\count166
\c@paragraph=\count167
\c@subparagraph=\count168
\c@figure=\count169
\c@table=\count170
\abovecaptionskip=\skip47
\belowcaptionskip=\skip48
\bibindent=\dimen134
)
(d:/Program_Files/texlive/2020/texmf-dist/tex/latex/graphics/graphicx.sty
Package: graphicx 2019/11/30 v1.2a Enhanced LaTeX Graphics (DPC,SPQR)

(d:/Program_Files/texlive/2020/texmf-dist/tex/latex/graphics/keyval.sty
Package: keyval 2014/10/28 v1.15 key=value parser (DPC)
\KV@toks@=\toks15
)
(d:/Program_Files/texlive/2020/texmf-dist/tex/latex/graphics/graphics.sty
Package: graphics 2019/11/30 v1.4a Standard LaTeX Graphics (DPC,SPQR)

(d:/Program_Files/texlive/2020/texmf-dist/tex/latex/graphics/trig.sty
Package: trig 2016/01/03 v1.10 sin cos tan (DPC)
)
(d:/Program_Files/texlive/2020/texmf-dist/tex/latex/graphics-cfg/graphics.cfg
File: graphics.cfg 2016/06/04 v1.11 sample graphics configuration
)
Package graphics Info: Driver file: xetex.def on input line 105.

(d:/Program_Files/texlive/2020/texmf-dist/tex/latex/graphics-def/xetex.def
File: xetex.def 2017/06/24 v5.0h Graphics/color driver for xetex
))
\Gin@req@height=\dimen135
\Gin@req@width=\dimen136
)
(d:/Program_Files/texlive/2020/texmf-dist/tex/latex/caption/subcaption.sty
Package: subcaption 2020/01/22 v1.3d Sub-captions (AR)

(d:/Program_Files/texlive/2020/texmf-dist/tex/latex/caption/caption.sty
Package: caption 2020/01/03 v3.4h Customizing captions (AR)

(d:/Program_Files/texlive/2020/texmf-dist/tex/latex/caption/caption3.sty
Package: caption3 2020/01/03 v1.8h caption3 kernel (AR)
Package caption3 Info: TeX engine: e-TeX on input line 61.
\captionmargin=\dimen137
\captionmargin@=\dimen138
\captionwidth=\dimen139
\caption@tempdima=\dimen140
\caption@indent=\dimen141
\caption@parindent=\dimen142
\caption@hangindent=\dimen143
Package caption Info: Standard document class detected.
)
\c@caption@flags=\count171
\c@continuedfloat=\count172
)
\c@subfigure=\count173
\c@subtable=\count174
)
(d:/Program_Files/texlive/2020/texmf-dist/tex/latex/multirow/multirow.sty
Package: multirow 2019/05/31 v2.5 Span multiple rows of a table
\multirow@colwidth=\skip49
\multirow@cntb=\count175
\multirow@dima=\skip50
\bigstrutjot=\dimen144
)
(d:/Program_Files/texlive/2020/texmf-dist/tex/latex/amsmath/amsmath.sty
Package: amsmath 2020/01/20 v2.17e AMS math features
\@mathmargin=\skip51

For additional information on amsmath, use the `?' option.
(d:/Program_Files/texlive/2020/texmf-dist/tex/latex/amsmath/amstext.sty
Package: amstext 2000/06/29 v2.01 AMS text

(d:/Program_Files/texlive/2020/texmf-dist/tex/latex/amsmath/amsgen.sty
File: amsgen.sty 1999/11/30 v2.0 generic functions
\@emptytoks=\toks16
\ex@=\dimen145
))
(d:/Program_Files/texlive/2020/texmf-dist/tex/latex/amsmath/amsbsy.sty
Package: amsbsy 1999/11/29 v1.2d Bold Symbols
\pmbraise@=\dimen146
)
(d:/Program_Files/texlive/2020/texmf-dist/tex/latex/amsmath/amsopn.sty
Package: amsopn 2016/03/08 v2.02 operator names
)
\inf@bad=\count176
LaTeX Info: Redefining \frac on input line 227.
\uproot@=\count177
\leftroot@=\count178
LaTeX Info: Redefining \overline on input line 389.
\classnum@=\count179
\DOTSCASE@=\count180
LaTeX Info: Redefining \ldots on input line 486.
LaTeX Info: Redefining \dots on input line 489.
LaTeX Info: Redefining \cdots on input line 610.
\Mathstrutbox@=\box45
\strutbox@=\box46
\big@size=\dimen147
LaTeX Font Info:    Redeclaring font encoding OML on input line 733.
LaTeX Font Info:    Redeclaring font encoding OMS on input line 734.
\macc@depth=\count181
\c@MaxMatrixCols=\count182
\dotsspace@=\muskip16
\c@parentequation=\count183
\dspbrk@lvl=\count184
\tag@help=\toks17
\row@=\count185
\column@=\count186
\maxfields@=\count187
\andhelp@=\toks18
\eqnshift@=\dimen148
\alignsep@=\dimen149
\tagshift@=\dimen150
\tagwidth@=\dimen151
\totwidth@=\dimen152
\lineht@=\dimen153
\@envbody=\toks19
\multlinegap=\skip52
\multlinetaggap=\skip53
\mathdisplay@stack=\toks20
LaTeX Info: Redefining \[ on input line 2859.
LaTeX Info: Redefining \] on input line 2860.
)
(d:/Program_Files/texlive/2020/texmf-dist/tex/latex/hyperref/hyperref.sty
Package: hyperref 2020/01/14 v7.00d Hypertext links for LaTeX

(d:/Program_Files/texlive/2020/texmf-dist/tex/generic/ltxcmds/ltxcmds.sty
Package: ltxcmds 2019/12/15 v1.24 LaTeX kernel commands for general use (HO)
)
(d:/Program_Files/texlive/2020/texmf-dist/tex/generic/iftex/iftex.sty
Package: iftex 2020/03/06 v1.0d TeX engine tests
)
(d:/Program_Files/texlive/2020/texmf-dist/tex/latex/pdftexcmds/pdftexcmds.sty
Package: pdftexcmds 2019/11/24 v0.31 Utility functions of pdfTeX for LuaTeX (HO
)

(d:/Program_Files/texlive/2020/texmf-dist/tex/generic/infwarerr/infwarerr.sty
Package: infwarerr 2019/12/03 v1.5 Providing info/warning/error messages (HO)
)
Package pdftexcmds Info: \pdf@primitive is available.
Package pdftexcmds Info: \pdf@ifprimitive is available.
Package pdftexcmds Info: \pdfdraftmode not found.
) (d:/Program_Files/texlive/2020/texmf-dist/tex/generic/kvsetkeys/kvsetkeys.sty
Package: kvsetkeys 2019/12/15 v1.18 Key value parser (HO)
)
(d:/Program_Files/texlive/2020/texmf-dist/tex/generic/kvdefinekeys/kvdefinekeys
.sty
Package: kvdefinekeys 2019-12-19 v1.6 Define keys (HO)
)
(d:/Program_Files/texlive/2020/texmf-dist/tex/generic/pdfescape/pdfescape.sty
Package: pdfescape 2019/12/09 v1.15 Implements pdfTeX's escape features (HO)
)
(d:/Program_Files/texlive/2020/texmf-dist/tex/latex/hycolor/hycolor.sty
Package: hycolor 2020-01-27 v1.10 Color options for hyperref/bookmark (HO)
)
(d:/Program_Files/texlive/2020/texmf-dist/tex/latex/letltxmacro/letltxmacro.sty
Package: letltxmacro 2019/12/03 v1.6 Let assignment for LaTeX macros (HO)
) (d:/Program_Files/texlive/2020/texmf-dist/tex/latex/auxhook/auxhook.sty
Package: auxhook 2019-12-17 v1.6 Hooks for auxiliary files (HO)
)
(d:/Program_Files/texlive/2020/texmf-dist/tex/latex/kvoptions/kvoptions.sty
Package: kvoptions 2019/11/29 v3.13 Key value format for package options (HO)
)
\@linkdim=\dimen154
\Hy@linkcounter=\count188
\Hy@pagecounter=\count189

(d:/Program_Files/texlive/2020/texmf-dist/tex/latex/hyperref/pd1enc.def
File: pd1enc.def 2020/01/14 v7.00d Hyperref: PDFDocEncoding definition (HO)
)
(d:/Program_Files/texlive/2020/texmf-dist/tex/generic/intcalc/intcalc.sty
Package: intcalc 2019/12/15 v1.3 Expandable calculations with integers (HO)
)
(d:/Program_Files/texlive/2020/texmf-dist/tex/generic/etexcmds/etexcmds.sty
Package: etexcmds 2019/12/15 v1.7 Avoid name clashes with e-TeX commands (HO)
)
\Hy@SavedSpaceFactor=\count190
Package hyperref Info: Hyper figures OFF on input line 4547.
Package hyperref Info: Link nesting OFF on input line 4552.
Package hyperref Info: Hyper index ON on input line 4555.
Package hyperref Info: Plain pages OFF on input line 4562.
Package hyperref Info: Backreferencing OFF on input line 4567.
Package hyperref Info: Implicit mode ON; LaTeX internals redefined.
Package hyperref Info: Bookmarks ON on input line 4800.
\c@Hy@tempcnt=\count191

(d:/Program_Files/texlive/2020/texmf-dist/tex/latex/url/url.sty
\Urlmuskip=\muskip17
Package: url 2013/09/16  ver 3.4  Verb mode for urls, etc.
)
LaTeX Info: Redefining \url on input line 5159.
\XeTeXLinkMargin=\dimen155

(d:/Program_Files/texlive/2020/texmf-dist/tex/generic/bitset/bitset.sty
Package: bitset 2019/12/09 v1.3 Handle bit-vector datatype (HO)

(d:/Program_Files/texlive/2020/texmf-dist/tex/generic/bigintcalc/bigintcalc.sty
Package: bigintcalc 2019/12/15 v1.5 Expandable calculations on big integers (HO
)
))
\Fld@menulength=\count192
\Field@Width=\dimen156
\Fld@charsize=\dimen157
Package hyperref Info: Hyper figures OFF on input line 6430.
Package hyperref Info: Link nesting OFF on input line 6435.
Package hyperref Info: Hyper index ON on input line 6438.
Package hyperref Info: backreferencing OFF on input line 6445.
Package hyperref Info: Link coloring OFF on input line 6450.
Package hyperref Info: Link coloring with OCG OFF on input line 6455.
Package hyperref Info: PDF/A mode OFF on input line 6460.
LaTeX Info: Redefining \ref on input line 6500.
LaTeX Info: Redefining \pageref on input line 6504.
 (d:/Program_Files/texlive/2020/texmf-dist/tex/generic/atbegshi/atbegshi.sty
Package: atbegshi 2019/12/05 v1.19 At begin shipout hook (HO)
)
\Hy@abspage=\count193
\c@Item=\count194
\c@Hfootnote=\count195
)
Package hyperref Info: Driver (autodetected): hxetex.
 (d:/Program_Files/texlive/2020/texmf-dist/tex/latex/hyperref/hxetex.def
File: hxetex.def 2020/01/14 v7.00d Hyperref driver for XeTeX

(d:/Program_Files/texlive/2020/texmf-dist/tex/latex/hyperref/puenc.def
File: puenc.def 2020/01/14 v7.00d Hyperref: PDF Unicode definition (HO)
)
(d:/Program_Files/texlive/2020/texmf-dist/tex/generic/stringenc/stringenc.sty
Package: stringenc 2019/11/29 v1.12 Convert strings between diff. encodings (HO
)
)
\pdfm@box=\box47
\c@Hy@AnnotLevel=\count196
\HyField@AnnotCount=\count197
\Fld@listcount=\count198
\c@bookmark@seq@number=\count199

(d:/Program_Files/texlive/2020/texmf-dist/tex/latex/rerunfilecheck/rerunfileche
ck.sty
Package: rerunfilecheck 2019/12/05 v1.9 Rerun checks for auxiliary files (HO)

(d:/Program_Files/texlive/2020/texmf-dist/tex/latex/atveryend/atveryend.sty
Package: atveryend 2019-12-11 v1.11 Hooks at the very end of document (HO)
Package atveryend Info: \enddocument detected (standard20110627).
)
(d:/Program_Files/texlive/2020/texmf-dist/tex/generic/uniquecounter/uniquecount
er.sty
Package: uniquecounter 2019/12/15 v1.4 Provide unlimited unique counter (HO)
)
Package uniquecounter Info: New unique counter `rerunfilecheck' on input line 2
86.
)
\Hy@SectionHShift=\skip54
) (d:/Program_Files/texlive/2020/texmf-dist/tex/latex/ctex/ctex.sty
(d:/Program_Files/texlive/2020/texmf-dist/tex/latex/l3kernel/expl3.sty
Package: expl3 2020-03-06 L3 programming layer (loader) 

(d:/Program_Files/texlive/2020/texmf-dist/tex/latex/l3backend/l3backend-xdvipdf
mx.def
File: l3backend-xdvipdfmx.def 2020-03-12 L3 backend support: xdvipdfmx
\g__graphics_track_int=\count266
\l__pdf_internal_box=\box48
\g__pdf_backend_object_int=\count267
\g__pdf_backend_annotation_int=\count268
))
Package: ctex 2019/05/29 v2.4.16 Chinese adapter in LaTeX (CTEX)

(d:/Program_Files/texlive/2020/texmf-dist/tex/latex/l3packages/xparse/xparse.st
y
Package: xparse 2020-03-06 L3 Experimental document command parser
\l__xparse_current_arg_int=\count269
\g__xparse_grabber_int=\count270
\l__xparse_m_args_int=\count271
\l__xparse_v_nesting_int=\count272
)
(d:/Program_Files/texlive/2020/texmf-dist/tex/latex/l3packages/l3keys2e/l3keys2
e.sty
Package: l3keys2e 2020-03-06 LaTeX2e option processing using LaTeX3 keys
) (d:/Program_Files/texlive/2020/texmf-dist/tex/latex/ctex/ctexhook.sty
Package: ctexhook 2019/05/29 v2.4.16 Document and package hooks (CTEX)
)
(d:/Program_Files/texlive/2020/texmf-dist/tex/latex/ctex/ctexpatch.sty
Package: ctexpatch 2019/05/29 v2.4.16 Patching commands (CTEX)
)
(d:/Program_Files/texlive/2020/texmf-dist/tex/latex/base/fix-cm.sty
Package: fix-cm 2015/01/14 v1.1t fixes to LaTeX

(d:/Program_Files/texlive/2020/texmf-dist/tex/latex/base/ts1enc.def
File: ts1enc.def 2001/06/05 v3.0e (jk/car/fm) Standard LaTeX file
LaTeX Font Info:    Redeclaring font encoding TS1 on input line 47.
))
(d:/Program_Files/texlive/2020/texmf-dist/tex/latex/ms/everysel.sty
Package: everysel 2011/10/28 v1.2 EverySelectfont Package (MS)
)
\l__ctex_tmp_int=\count273
\l__ctex_tmp_box=\box49
\l__ctex_tmp_dim=\dimen158
\g__ctex_section_depth_int=\count274
\g__ctex_font_size_int=\count275

(d:/Program_Files/texlive/2020/texmf-dist/tex/latex/ctex/config/ctexopts.cfg
File: ctexopts.cfg 2019/05/29 v2.4.16 Option configuration file (CTEX)
)
(d:/Program_Files/texlive/2020/texmf-dist/tex/latex/ctex/engine/ctex-engine-xet
ex.def
File: ctex-engine-xetex.def 2019/05/29 v2.4.16 XeLaTeX adapter (CTEX)
 (d:/Program_Files/texlive/2020/texmf-dist/tex/xelatex/xecjk/xeCJK.sty
Package: xeCJK 2020/02/18 v3.8.2 Typesetting CJK scripts with XeLaTeX

(d:/Program_Files/texlive/2020/texmf-dist/tex/latex/l3packages/xtemplate/xtempl
ate.sty
Package: xtemplate 2020-03-06 L3 Experimental prototype document functions
\l__xtemplate_tmp_dim=\dimen159
\l__xtemplate_tmp_int=\count276
\l__xtemplate_tmp_muskip=\muskip18
\l__xtemplate_tmp_skip=\skip55
)
\l__xeCJK_tmp_int=\count277
\l__xeCJK_tmp_box=\box50
\l__xeCJK_tmp_dim=\dimen160
\l__xeCJK_tmp_skip=\skip56
\g__xeCJK_space_factor_int=\count278
\l__xeCJK_begin_int=\count279
\l__xeCJK_end_int=\count280
\c__xeCJK_CJK_class_int=\XeTeXcharclass1
\c__xeCJK_FullLeft_class_int=\XeTeXcharclass2
\c__xeCJK_FullRight_class_int=\XeTeXcharclass3
\c__xeCJK_HalfLeft_class_int=\XeTeXcharclass4
\c__xeCJK_HalfRight_class_int=\XeTeXcharclass5
\c__xeCJK_NormalSpace_class_int=\XeTeXcharclass6
\c__xeCJK_CM_class_int=\XeTeXcharclass7
\c__xeCJK_HangulJamo_class_int=\XeTeXcharclass8
\l__xeCJK_last_skip=\skip57
\g__xeCJK_node_int=\count281
\c__xeCJK_CJK_node_dim=\dimen161
\c__xeCJK_CJK-space_node_dim=\dimen162
\c__xeCJK_default_node_dim=\dimen163
\c__xeCJK_default-space_node_dim=\dimen164
\c__xeCJK_CJK-widow_node_dim=\dimen165
\c__xeCJK_normalspace_node_dim=\dimen166
\l__xeCJK_ccglue_skip=\skip58
\l__xeCJK_ecglue_skip=\skip59
\l__xeCJK_punct_kern_skip=\skip60
\l__xeCJK_last_penalty_int=\count282
\l__xeCJK_last_bound_dim=\dimen167
\l__xeCJK_last_kern_dim=\dimen168
\l__xeCJK_widow_penalty_int=\count283

Package xtemplate Info: Declaring object type 'xeCJK/punctuation' taking 0
(xtemplate)             argument(s) on line 2302.

\l__xeCJK_fixed_punct_width_dim=\dimen169
\l__xeCJK_mixed_punct_width_dim=\dimen170
\l__xeCJK_middle_punct_width_dim=\dimen171
\l__xeCJK_fixed_margin_width_dim=\dimen172
\l__xeCJK_mixed_margin_width_dim=\dimen173
\l__xeCJK_middle_margin_width_dim=\dimen174
\l__xeCJK_bound_punct_width_dim=\dimen175
\l__xeCJK_bound_margin_width_dim=\dimen176
\l__xeCJK_margin_minimum_dim=\dimen177
\l__xeCJK_kerning_total_width_dim=\dimen178
\l__xeCJK_same_align_margin_dim=\dimen179
\l__xeCJK_different_align_margin_dim=\dimen180
\l__xeCJK_kerning_margin_width_dim=\dimen181
\l__xeCJK_kerning_margin_minimum_dim=\dimen182
\l__xeCJK_bound_dim=\dimen183
\l__xeCJK_reverse_bound_dim=\dimen184
\l__xeCJK_margin_dim=\dimen185
\l__xeCJK_minimum_bound_dim=\dimen186
\l__xeCJK_kerning_margin_dim=\dimen187
\g__xeCJK_family_int=\count284
\l__xeCJK_fam_int=\count285
\g__xeCJK_fam_allocation_int=\count286
\l__xeCJK_verb_case_int=\count287
\l__xeCJK_verb_exspace_skip=\skip61

(d:/Program_Files/texlive/2020/texmf-dist/tex/latex/fontspec/fontspec.sty
Package: fontspec 2020/02/21 v2.7i Font selection for XeLaTeX and LuaLaTeX

(d:/Program_Files/texlive/2020/texmf-dist/tex/latex/fontspec/fontspec-xetex.sty
Package: fontspec-xetex 2020/02/21 v2.7i Font selection for XeLaTeX and LuaLaTe
X
\l__fontspec_script_int=\count288
\l__fontspec_language_int=\count289
\l__fontspec_strnum_int=\count290
\l__fontspec_tmp_int=\count291
\l__fontspec_tmpa_int=\count292
\l__fontspec_tmpb_int=\count293
\l__fontspec_tmpc_int=\count294
\l__fontspec_em_int=\count295
\l__fontspec_emdef_int=\count296
\l__fontspec_strong_int=\count297
\l__fontspec_strongdef_int=\count298
\l__fontspec_tmpa_dim=\dimen188
\l__fontspec_tmpb_dim=\dimen189
\l__fontspec_tmpc_dim=\dimen190
(d:/Program_Files/texlive/2020/texmf-dist/tex/latex/base/fontenc.sty
Package: fontenc 2020/02/11 v2.0o Standard LaTeX package
)
(d:/Program_Files/texlive/2020/texmf-dist/tex/latex/fontspec/fontspec.cfg)))
(d:/Program_Files/texlive/2020/texmf-dist/tex/xelatex/xecjk/xeCJK.cfg
File: xeCJK.cfg 2020/02/18 v3.8.2 Configuration file for xeCJK package
))
(d:/Program_Files/texlive/2020/texmf-dist/tex/xelatex/xecjk/xeCJKfntef.sty
Package: xeCJKfntef 2020/02/18 v3.8.2 xeCJK font effect

(d:/Program_Files/texlive/2020/texmf-dist/tex/generic/ulem/ulem.sty
\UL@box=\box51
\UL@hyphenbox=\box52
\UL@skip=\skip62
\UL@hook=\toks21
\UL@height=\dimen191
\UL@pe=\count299
\UL@pixel=\dimen192
\ULC@box=\box53
Package: ulem 2019/11/18
\ULdepth=\dimen193
)
\l__xeCJK_space_skip=\skip63
\c__xeCJK_ulem-begin_node_dim=\dimen194
\c__xeCJK_null_box=\box54
\l__xeCJK_fntef_box=\box55
\l__xeCJK_under_symbol_box=\box56
\c__xeCJK_filll_skip=\skip64
)
\ccwd=\dimen195
\l__ctex_ccglue_skip=\skip65
)
\l__ctex_ziju_dim=\dimen196

(d:/Program_Files/texlive/2020/texmf-dist/tex/latex/zhnumber/zhnumber.sty
Package: zhnumber 2019/04/07 v2.7 Typesetting numbers with Chinese glyphs
\l__zhnum_scale_int=\count300

(d:/Program_Files/texlive/2020/texmf-dist/tex/latex/zhnumber/zhnumber-utf8.cfg
File: zhnumber-utf8.cfg 2019/04/07 v2.7 Chinese numerals with UTF8 encoding
))
(d:/Program_Files/texlive/2020/texmf-dist/tex/latex/ctex/scheme/ctex-scheme-chi
nese.def
File: ctex-scheme-chinese.def 2019/05/29 v2.4.16 Chinese scheme for generic (CT
EX)

(d:/Program_Files/texlive/2020/texmf-dist/tex/latex/ctex/config/ctex-name-utf8.
cfg
File: ctex-name-utf8.cfg 2019/05/29 v2.4.16 Caption with encoding UTF8 (CTEX)
)) (d:/Program_Files/texlive/2020/texmf-dist/tex/latex/tools/indentfirst.sty
Package: indentfirst 1995/11/23 v1.03 Indent first paragraph (DPC)
) (d:/Program_Files/texlive/2020/texmf-dist/tex/latex/ctex/ctex-c5size.clo
File: ctex-c5size.clo 2019/05/29 v2.4.16 c5size option (CTEX)
)
(d:/Program_Files/texlive/2020/texmf-dist/tex/latex/ctex/fontset/ctex-fontset-w
indows.def
File: ctex-fontset-windows.def 2019/05/29 v2.4.16 Windows fonts definition (CTE
X)

(d:/Program_Files/texlive/2020/texmf-dist/tex/latex/ctex/fontset/ctex-fontset-w
indowsnew.def
File: ctex-fontset-windowsnew.def 2019/05/29 v2.4.16 Windows fonts definition f
or Vista or later version (CTEX)

Package fontspec Info: Could not resolve font "KaiTi/B" (it probably doesn't
(fontspec)             exist).


Package fontspec Info: Could not resolve font "SimHei/I" (it probably doesn't
(fontspec)             exist).


Package fontspec Info: Could not resolve font "SimSun/BI" (it probably doesn't
(fontspec)             exist).


Package fontspec Info: Font family 'SimSun(0)' created for font 'SimSun' with
(fontspec)             options
(fontspec)             [Script={CJK},BoldFont={SimHei},ItalicFont={KaiTi}].
(fontspec)              
(fontspec)              This font family consists of the following NFSS
(fontspec)             series/shapes:
(fontspec)              
(fontspec)             - 'normal' (m/n) with NFSS spec.:
(fontspec)             <->"SimSun/OT:script=hani;language=dflt;"
(fontspec)             - 'small caps'  (m/sc) with NFSS spec.: 
(fontspec)             - 'bold' (b/n) with NFSS spec.:
(fontspec)             <->"SimHei/OT:script=hani;language=dflt;"
(fontspec)             - 'bold small caps'  (b/sc) with NFSS spec.: 
(fontspec)             - 'italic' (m/it) with NFSS spec.:
(fontspec)             <->"KaiTi/OT:script=hani;language=dflt;"
(fontspec)             - 'italic small caps'  (m/scit) with NFSS spec.: 

)))
(d:/Program_Files/texlive/2020/texmf-dist/tex/latex/ctex/config/ctex.cfg
File: ctex.cfg 2019/05/29 v2.4.16 Configuration file (CTEX)
)
(./report.aux)
\openout1 = `report.aux'.

LaTeX Font Info:    Checking defaults for OML/cmm/m/it on input line 10.
LaTeX Font Info:    ... okay on input line 10.
LaTeX Font Info:    Checking defaults for OMS/cmsy/m/n on input line 10.
LaTeX Font Info:    ... okay on input line 10.
LaTeX Font Info:    Checking defaults for OT1/cmr/m/n on input line 10.
LaTeX Font Info:    ... okay on input line 10.
LaTeX Font Info:    Checking defaults for T1/cmr/m/n on input line 10.
LaTeX Font Info:    ... okay on input line 10.
LaTeX Font Info:    Checking defaults for TS1/cmr/m/n on input line 10.
LaTeX Font Info:    ... okay on input line 10.
LaTeX Font Info:    Checking defaults for TU/lmr/m/n on input line 10.
LaTeX Font Info:    ... okay on input line 10.
LaTeX Font Info:    Checking defaults for OMX/cmex/m/n on input line 10.
LaTeX Font Info:    ... okay on input line 10.
LaTeX Font Info:    Checking defaults for U/cmr/m/n on input line 10.
LaTeX Font Info:    ... okay on input line 10.
LaTeX Font Info:    Checking defaults for PD1/pdf/m/n on input line 10.
LaTeX Font Info:    ... okay on input line 10.
LaTeX Font Info:    Checking defaults for PU/pdf/m/n on input line 10.
LaTeX Font Info:    ... okay on input line 10.
Package caption Info: Begin \AtBeginDocument code.
Package caption Info: hyperref package is loaded.
Package caption Info: End \AtBeginDocument code.
\AtBeginShipoutBox=\box57
Package hyperref Info: Link coloring OFF on input line 10.

(d:/Program_Files/texlive/2020/texmf-dist/tex/latex/hyperref/nameref.sty
Package: nameref 2019/09/16 v2.46 Cross-referencing by name of section

(d:/Program_Files/texlive/2020/texmf-dist/tex/latex/refcount/refcount.sty
Package: refcount 2019/12/15 v3.6 Data extraction from label references (HO)
)
(d:/Program_Files/texlive/2020/texmf-dist/tex/generic/gettitlestring/gettitlest
ring.sty
Package: gettitlestring 2019/12/15 v1.6 Cleanup title references (HO)
)
\c@section@level=\count301
)
LaTeX Info: Redefining \ref on input line 10.
LaTeX Info: Redefining \pageref on input line 10.
LaTeX Info: Redefining \nameref on input line 10.
 (./report.out) (./report.out)
\@outlinefile=\write3
\openout3 = `report.out'.



Package hyperref Warning: Rerun to get /PageLabels entry.

ABD: EverySelectfont initializing macros
LaTeX Info: Redefining \selectfont on input line 10.

Package fontspec Info: Adjusting the maths setup (use [no-math] to avoid
(fontspec)             this).

\symlegacymaths=\mathgroup4
LaTeX Font Info:    Overwriting symbol font `legacymaths' in version `bold'
(Font)                  OT1/cmr/m/n --> OT1/cmr/bx/n on input line 10.
LaTeX Font Info:    Redeclaring math accent \acute on input line 10.
LaTeX Font Info:    Redeclaring math accent \grave on input line 10.
LaTeX Font Info:    Redeclaring math accent \ddot on input line 10.
LaTeX Font Info:    Redeclaring math accent \tilde on input line 10.
LaTeX Font Info:    Redeclaring math accent \bar on input line 10.
LaTeX Font Info:    Redeclaring math accent \breve on input line 10.
LaTeX Font Info:    Redeclaring math accent \check on input line 10.
LaTeX Font Info:    Redeclaring math accent \hat on input line 10.
LaTeX Font Info:    Redeclaring math accent \dot on input line 10.
LaTeX Font Info:    Redeclaring math accent \mathring on input line 10.
LaTeX Font Info:    Redeclaring math symbol \Gamma on input line 10.
LaTeX Font Info:    Redeclaring math symbol \Delta on input line 10.
LaTeX Font Info:    Redeclaring math symbol \Theta on input line 10.
LaTeX Font Info:    Redeclaring math symbol \Lambda on input line 10.
LaTeX Font Info:    Redeclaring math symbol \Xi on input line 10.
LaTeX Font Info:    Redeclaring math symbol \Pi on input line 10.
LaTeX Font Info:    Redeclaring math symbol \Sigma on input line 10.
LaTeX Font Info:    Redeclaring math symbol \Upsilon on input line 10.
LaTeX Font Info:    Redeclaring math symbol \Phi on input line 10.
LaTeX Font Info:    Redeclaring math symbol \Psi on input line 10.
LaTeX Font Info:    Redeclaring math symbol \Omega on input line 10.
LaTeX Font Info:    Redeclaring math symbol \mathdollar on input line 10.
LaTeX Font Info:    Redeclaring symbol font `operators' on input line 10.
LaTeX Font Info:    Encoding `OT1' has changed to `TU' for symbol font
(Font)              `operators' in the math version `normal' on input line 10.
LaTeX Font Info:    Overwriting symbol font `operators' in version `normal'
(Font)                  OT1/cmr/m/n --> TU/lmr/m/n on input line 10.
LaTeX Font Info:    Encoding `OT1' has changed to `TU' for symbol font
(Font)              `operators' in the math version `bold' on input line 10.
LaTeX Font Info:    Overwriting symbol font `operators' in version `bold'
(Font)                  OT1/cmr/bx/n --> TU/lmr/m/n on input line 10.
LaTeX Font Info:    Overwriting symbol font `operators' in version `normal'
(Font)                  TU/lmr/m/n --> TU/lmr/m/n on input line 10.
LaTeX Font Info:    Overwriting math alphabet `\mathit' in version `normal'
(Font)                  OT1/cmr/m/it --> TU/lmr/m/it on input line 10.
LaTeX Font Info:    Overwriting math alphabet `\mathbf' in version `normal'
(Font)                  OT1/cmr/bx/n --> TU/lmr/b/n on input line 10.
LaTeX Font Info:    Overwriting math alphabet `\mathsf' in version `normal'
(Font)                  OT1/cmss/m/n --> TU/lmss/m/n on input line 10.
LaTeX Font Info:    Overwriting math alphabet `\mathtt' in version `normal'
(Font)                  OT1/cmtt/m/n --> TU/lmtt/m/n on input line 10.
LaTeX Font Info:    Overwriting symbol font `operators' in version `bold'
(Font)                  TU/lmr/m/n --> TU/lmr/b/n on input line 10.
LaTeX Font Info:    Overwriting math alphabet `\mathit' in version `bold'
(Font)                  OT1/cmr/bx/it --> TU/lmr/b/it on input line 10.
LaTeX Font Info:    Overwriting math alphabet `\mathsf' in version `bold'
(Font)                  OT1/cmss/bx/n --> TU/lmss/b/n on input line 10.
LaTeX Font Info:    Overwriting math alphabet `\mathtt' in version `bold'
(Font)                  OT1/cmtt/m/n --> TU/lmtt/b/n on input line 10.
 [1

] [2]

Package hyperref Warning: old toc file detected, not used; run LaTeX again.

\tf@toc=\write4
\openout4 = `report.toc'.

[3]

Package hyperref Warning: old lof file detected, not used; run LaTeX again.

\tf@lof=\write5
\openout5 = `report.lof'.

[4]

Package hyperref Warning: old lot file detected, not used; run LaTeX again.

\tf@lot=\write6
\openout6 = `report.lot'.

[5] [6] [7]
Underfull \hbox (badness 10000) in paragraph at lines 56--63

 []

[8]
File: D:/COMP30040/report/pic/2/Background_Subtraction_Tutorial_Scheme.png Grap
hic file (type bmp)
<D:/COMP30040/report/pic/2/Background_Subtraction_Tutorial_Scheme.png>
 [9]
File: D:/COMP30040/report/pic/2/Sample_of_gradients.png Graphic file (type bmp)

<D:/COMP30040/report/pic/2/Sample_of_gradients.png>
File: D:/COMP30040/report/pic/2/HOG_of_a_picture.png Graphic file (type bmp)
<D:/COMP30040/report/pic/2/HOG_of_a_picture.png>
File: D:/COMP30040/report/pic/2/RCNN_arch.jpg Graphic file (type bmp)
<D:/COMP30040/report/pic/2/RCNN_arch.jpg>
File: D:/COMP30040/report/pic/2/anchor_point.png Graphic file (type bmp)
<D:/COMP30040/report/pic/2/anchor_point.png>
 [10] [11] [12]
File: D:/COMP30040/report/pic/2/sift_dog.jpg Graphic file (type bmp)
<D:/COMP30040/report/pic/2/sift_dog.jpg>


LaTeX Font Warning: Font shape `OMX/cmex/m/n' in size <10.53937> not available
(Font)              size <10.95> substituted on input line 118.

File: D:/COMP30040/report/pic/2/sift_local_extrema.jpg Graphic file (type bmp)
<D:/COMP30040/report/pic/2/sift_local_extrema.jpg>
[13] [14]
File: D:/COMP30040/report/pic/2/build_BOVW_histogram.jpeg Graphic file (type bm
p)
<D:/COMP30040/report/pic/2/build_BOVW_histogram.jpeg>
 [15]
File: D:/COMP30040/report/pic/2/kf_workflow.jpeg Graphic file (type bmp)
<D:/COMP30040/report/pic/2/kf_workflow.jpeg>

Underfull \hbox (badness 10000) in paragraph at lines 155--157

 []

[16] [17]
File: D:/COMP30040/report/pic/3/background.jpg Graphic file (type bmp)
<D:/COMP30040/report/pic/3/background.jpg>

Overfull \hbox (16.54436pt too wide) in paragraph at lines 180--181
 [][] 
 []

File: D:/COMP30040/report/pic/3/foreground.png Graphic file (type bmp)
<D:/COMP30040/report/pic/3/foreground.png>

Overfull \hbox (16.54436pt too wide) in paragraph at lines 185--186
 [][] 
 []

File: D:/COMP30040/report/pic/3/multi_box_2.png Graphic file (type bmp)
<D:/COMP30040/report/pic/3/multi_box_2.png>
File: D:/COMP30040/report/pic/3/multi_box_1.png Graphic file (type bmp)
<D:/COMP30040/report/pic/3/multi_box_1.png>
File: D:/COMP30040/report/pic/3/occlusion_1.png Graphic file (type bmp)
<D:/COMP30040/report/pic/3/occlusion_1.png>
File: D:/COMP30040/report/pic/3/occlusion_0.png Graphic file (type bmp)
<D:/COMP30040/report/pic/3/occlusion_0.png>
File: D:/COMP30040/report/pic/3/complete_blob_1.png Graphic file (type bmp)
<D:/COMP30040/report/pic/3/complete_blob_1.png>
File: D:/COMP30040/report/pic/3/complete_blob.png Graphic file (type bmp)
<D:/COMP30040/report/pic/3/complete_blob.png>
[18] [19]

LaTeX Warning: `!h' float specifier changed to `!ht'.

[20]
File: D:/COMP30040/report/pic/3/vulnerability_to_occlusion_1.png Graphic file (
type bmp)
<D:/COMP30040/report/pic/3/vulnerability_to_occlusion_1.png>

Overfull \hbox (7.744pt too wide) in paragraph at lines 237--238
[][] 
 []

File: D:/COMP30040/report/pic/3/vulnerbility_to_occlusion_2.png Graphic file (t
ype bmp)
<D:/COMP30040/report/pic/3/vulnerbility_to_occlusion_2.png>

Underfull \hbox (badness 10000) in paragraph at lines 233--245

 []


LaTeX Warning: `!h' float specifier changed to `!ht'.

File: D:/COMP30040/report/pic/3/selfHOG_1stround_2.png Graphic file (type bmp)
<D:/COMP30040/report/pic/3/selfHOG_1stround_2.png>
File: D:/COMP30040/report/pic/3/selfHOG_1stround_1.png Graphic file (type bmp)
<D:/COMP30040/report/pic/3/selfHOG_1stround_1.png>
[21]
File: D:/COMP30040/report/pic/3/selfHOG_2ndround_1.png Graphic file (type bmp)
<D:/COMP30040/report/pic/3/selfHOG_2ndround_1.png>
File: D:/COMP30040/report/pic/3/selfHOG_2ndround_2.png Graphic file (type bmp)
<D:/COMP30040/report/pic/3/selfHOG_2ndround_2.png>
File: D:/COMP30040/report/pic/3/selfHOG_2ndround_3.png Graphic file (type bmp)
<D:/COMP30040/report/pic/3/selfHOG_2ndround_3.png>
File: D:/COMP30040/report/pic/3/selfHOG_2ndround_4.png Graphic file (type bmp)
<D:/COMP30040/report/pic/3/selfHOG_2ndround_4.png>
 [22]
File: D:/COMP30040/report/pic/3/selfHOG_3rdround_1.png Graphic file (type bmp)
<D:/COMP30040/report/pic/3/selfHOG_3rdround_1.png>
File: D:/COMP30040/report/pic/3/selfHOG_3rdround_2.png Graphic file (type bmp)
<D:/COMP30040/report/pic/3/selfHOG_3rdround_2.png>
File: D:/COMP30040/report/pic/3/selfHOG_3rdround_3.png Graphic file (type bmp)
<D:/COMP30040/report/pic/3/selfHOG_3rdround_3.png>
File: D:/COMP30040/report/pic/3/selfHOG_3rdround_4.png Graphic file (type bmp)
<D:/COMP30040/report/pic/3/selfHOG_3rdround_4.png>


LaTeX Warning: `!h' float specifier changed to `!ht'.

File: D:/COMP30040/report/pic/3_new/det_occlu.jpg Graphic file (type bmp)
<D:/COMP30040/report/pic/3_new/det_occlu.jpg>
File: D:/COMP30040/report/pic/3_new/false_posi.jpg Graphic file (type bmp)
<D:/COMP30040/report/pic/3_new/false_posi.jpg>
File: D:/COMP30040/report/pic/3_new/failure.jpg Graphic file (type bmp)
<D:/COMP30040/report/pic/3_new/failure.jpg>

LaTeX Warning: `!h' float specifier changed to `!ht'.

[23] [24]
File: D:/COMP30040/report/pic/3/heuristic_1.PNG Graphic file (type bmp)
<D:/COMP30040/report/pic/3/heuristic_1.PNG>
File: D:/COMP30040/report/pic/3/heuristic_2.PNG Graphic file (type bmp)
<D:/COMP30040/report/pic/3/heuristic_2.PNG>
 [25]
File: D:/COMP30040/report/pic/3_new/off_1.jpg Graphic file (type bmp)
<D:/COMP30040/report/pic/3_new/off_1.jpg>
File: D:/COMP30040/report/pic/3_new/on_1.jpg Graphic file (type bmp)
<D:/COMP30040/report/pic/3_new/on_1.jpg>
File: D:/COMP30040/report/pic/3_new/off_2.jpg Graphic file (type bmp)
<D:/COMP30040/report/pic/3_new/off_2.jpg>
File: D:/COMP30040/report/pic/3_new/on_2.jpg Graphic file (type bmp)
<D:/COMP30040/report/pic/3_new/on_2.jpg>
File: D:/COMP30040/report/pic/3_new/off_3.jpg Graphic file (type bmp)
<D:/COMP30040/report/pic/3_new/off_3.jpg>
File: D:/COMP30040/report/pic/3_new/on_3.jpg Graphic file (type bmp)
<D:/COMP30040/report/pic/3_new/on_3.jpg>

Overfull \hbox (2.33975pt too wide) in paragraph at lines 345--369
[][] []
 []


Overfull \hbox (2.33975pt too wide) in paragraph at lines 345--369
[] []
 []


Overfull \hbox (2.33975pt too wide) in paragraph at lines 345--369
[] [] 
 []


LaTeX Warning: `!h' float specifier changed to `!ht'.

File: D:/COMP30040/report/pic/3_new/off_seq_1.jpg Graphic file (type bmp)
<D:/COMP30040/report/pic/3_new/off_seq_1.jpg>
File: D:/COMP30040/report/pic/3_new/on_seq_1.jpg Graphic file (type bmp)
<D:/COMP30040/report/pic/3_new/on_seq_1.jpg>
File: D:/COMP30040/report/pic/3_new/off_seq_2.jpg Graphic file (type bmp)
<D:/COMP30040/report/pic/3_new/off_seq_2.jpg>
File: D:/COMP30040/report/pic/3_new/on_seq_2.jpg Graphic file (type bmp)
<D:/COMP30040/report/pic/3_new/on_seq_2.jpg>
File: D:/COMP30040/report/pic/3_new/off_seq_3.jpg Graphic file (type bmp)
<D:/COMP30040/report/pic/3_new/off_seq_3.jpg>
File: D:/COMP30040/report/pic/3_new/on_seq_3.jpg Graphic file (type bmp)
<D:/COMP30040/report/pic/3_new/on_seq_3.jpg>

Overfull \hbox (2.33975pt too wide) in paragraph at lines 373--397
[][] []
 []


Overfull \hbox (2.33975pt too wide) in paragraph at lines 373--397
[] []
 []


Overfull \hbox (2.33975pt too wide) in paragraph at lines 373--397
[] [] 
 []


LaTeX Warning: `!h' float specifier changed to `!ht'.

File: D:/COMP30040/report/pic/3_new/off_seq_4.jpg Graphic file (type bmp)
<D:/COMP30040/report/pic/3_new/off_seq_4.jpg>
File: D:/COMP30040/report/pic/3_new/on_seq_4.jpg Graphic file (type bmp)
<D:/COMP30040/report/pic/3_new/on_seq_4.jpg>
File: D:/COMP30040/report/pic/3_new/off_seq_5.jpg Graphic file (type bmp)
<D:/COMP30040/report/pic/3_new/off_seq_5.jpg>
File: D:/COMP30040/report/pic/3_new/on_seq_5.jpg Graphic file (type bmp)
<D:/COMP30040/report/pic/3_new/on_seq_5.jpg>
File: D:/COMP30040/report/pic/3_new/off_seq_6.jpg Graphic file (type bmp)
<D:/COMP30040/report/pic/3_new/off_seq_6.jpg>
File: D:/COMP30040/report/pic/3_new/on_seq_6.jpg Graphic file (type bmp)
<D:/COMP30040/report/pic/3_new/on_seq_6.jpg>

Overfull \hbox (2.33975pt too wide) in paragraph at lines 401--425
[][] []
 []


Overfull \hbox (2.33975pt too wide) in paragraph at lines 401--425
[] []
 []


Overfull \hbox (2.33975pt too wide) in paragraph at lines 401--425
[] [] 
 []


LaTeX Warning: `!h' float specifier changed to `!ht'.

File: D:/COMP30040/report/pic/3_new/heu_false_off.jpg Graphic file (type bmp)
<D:/COMP30040/report/pic/3_new/heu_false_off.jpg>
File: D:/COMP30040/report/pic/3_new/heu_false_on.jpg Graphic file (type bmp)
<D:/COMP30040/report/pic/3_new/heu_false_on.jpg>

Overfull \hbox (2.33975pt too wide) in paragraph at lines 429--437
[][] [] 
 []


LaTeX Warning: `!h' float specifier changed to `!ht'.

[26]

LaTeX Warning: Text page 27 contains only floats.

[27]

LaTeX Warning: Text page 28 contains only floats.


Overfull \vbox (2.67435pt too high) has occurred while \output is active []


[28]

LaTeX Warning: Text page 29 contains only floats.


Overfull \vbox (2.67435pt too high) has occurred while \output is active []


[29]
Underfull \hbox (badness 10000) in paragraph at lines 444--448

 []

[30]
File: D:/COMP30040/report/pic/3_new/no_occlusion.png Graphic file (type bmp)
<D:/COMP30040/report/pic/3_new/no_occlusion.png>

Overfull \hbox (16.54436pt too wide) in paragraph at lines 459--460
 [][] 
 []

File: D:/COMP30040/report/pic/3_new/success.png Graphic file (type bmp)
<D:/COMP30040/report/pic/3_new/success.png>

Overfull \hbox (16.14285pt too wide) in paragraph at lines 464--465
 [][] 
 []

File: D:/COMP30040/report/pic/3_new/false_identity.png Graphic file (type bmp)
<D:/COMP30040/report/pic/3_new/false_identity.png>

Overfull \hbox (16.14285pt too wide) in paragraph at lines 469--470
 [][] 
 []

File: D:/COMP30040/report/pic/3_new/false_negative.png Graphic file (type bmp)
<D:/COMP30040/report/pic/3_new/false_negative.png>

Overfull \hbox (16.3436pt too wide) in paragraph at lines 474--475
 [][] 
 []

File: D:/COMP30040/report/pic/3_new/occlu_fail.png Graphic file (type bmp)
<D:/COMP30040/report/pic/3_new/occlu_fail.png>

Overfull \hbox (16.14285pt too wide) in paragraph at lines 480--481
 [][] 
 []

[31] [32]

Package fontspec Info: Could not resolve font "FangSong/BI" (it probably
(fontspec)             doesn't exist).


Package fontspec Info: Could not resolve font "FangSong/B" (it probably
(fontspec)             doesn't exist).


Package fontspec Info: Could not resolve font "FangSong/I" (it probably
(fontspec)             doesn't exist).


Package fontspec Info: Font family 'FangSong(0)' created for font 'FangSong'
(fontspec)             with options [Script={CJK}].
(fontspec)              
(fontspec)              This font family consists of the following NFSS
(fontspec)             series/shapes:
(fontspec)              
(fontspec)             - 'normal' (m/n) with NFSS spec.:
(fontspec)             <->"FangSong/OT:script=hani;language=dflt;"
(fontspec)             - 'small caps'  (m/sc) with NFSS spec.: 


Underfull \hbox (badness 10000) in paragraph at lines 493--494

 []

[33]
Underfull \hbox (badness 10000) in paragraph at lines 503--508

 []

File: D:/COMP30040/report/pic/4/pos_1.jpg Graphic file (type bmp)
<D:/COMP30040/report/pic/4/pos_1.jpg>
File: D:/COMP30040/report/pic/4/pos_2.jpg Graphic file (type bmp)
<D:/COMP30040/report/pic/4/pos_2.jpg>
File: D:/COMP30040/report/pic/4/pos_3.jpg Graphic file (type bmp)
<D:/COMP30040/report/pic/4/pos_3.jpg>
[34]
File: D:/COMP30040/report/pic/4/neg_1.jpg Graphic file (type bmp)
<D:/COMP30040/report/pic/4/neg_1.jpg>
File: D:/COMP30040/report/pic/4/neg_2.jpg Graphic file (type bmp)
<D:/COMP30040/report/pic/4/neg_2.jpg>
File: D:/COMP30040/report/pic/4/neg_3.jpg Graphic file (type bmp)
<D:/COMP30040/report/pic/4/neg_3.jpg>
File: D:/COMP30040/report/pic/4/neg_4.jpg Graphic file (type bmp)
<D:/COMP30040/report/pic/4/neg_4.jpg>
File: D:/COMP30040/report/pic/4/neg_5.jpg Graphic file (type bmp)
<D:/COMP30040/report/pic/4/neg_5.jpg>
File: D:/COMP30040/report/pic/4/neg_6.jpg Graphic file (type bmp)
<D:/COMP30040/report/pic/4/neg_6.jpg>
 [35]
Overfull \hbox (51.28464pt too wide) in paragraph at lines 581--585
\TU/SimSun(0)/m/n/10.53937 在 以 上 运 动 员 出 现 总 次 数 的 计 数 标 准 下，|  裁 剪 过 的 \TU/lmr
/m/n/10.53937 testingVideo.mp4/4peopleKickabout
 []


Overfull \hbox (83.24004pt too wide) in paragraph at lines 581--585
\TU/lmr/m/n/10.53937 25fps.mp4 \TU/SimSun(0)/m/n/10.53937 中 共 有 \TU/lmr/m/n/10.
53937 28795 \TU/SimSun(0)/m/n/10.53937 频 次 运 动 员 出 现 次 数，|  裁 剪 过 的 \TU/lmr/m/n
/10.53937 trainingVideo.m4/4peopleKickabout2
 []


LaTeX Warning: No positions in optional float specifier.
               Default added (so using `tbp') on input line 592.

[36]

LaTeX Warning: No positions in optional float specifier.
               Default added (so using `tbp') on input line 606.


LaTeX Warning: No positions in optional float specifier.
               Default added (so using `tbp') on input line 620.


LaTeX Warning: No positions in optional float specifier.
               Default added (so using `tbp') on input line 634.


LaTeX Warning: No positions in optional float specifier.
               Default added (so using `tbp') on input line 648.


LaTeX Warning: No positions in optional float specifier.
               Default added (so using `tbp') on input line 663.


Overfull \hbox (17.42671pt too wide) in paragraph at lines 665--673
 [][] 
 []

[37] [38]

LaTeX Warning: No positions in optional float specifier.
               Default added (so using `tbp') on input line 676.


Overfull \hbox (37.2302pt too wide) in paragraph at lines 677--689
[][] 
 []


LaTeX Warning: No positions in optional float specifier.
               Default added (so using `tbp') on input line 692.


Overfull \hbox (37.2302pt too wide) in paragraph at lines 693--705
[][] 
 []


LaTeX Warning: No positions in optional float specifier.
               Default added (so using `tbp') on input line 708.


Overfull \hbox (37.2302pt too wide) in paragraph at lines 709--720
[][] 
 []


LaTeX Warning: No positions in optional float specifier.
               Default added (so using `tbp') on input line 723.


Overfull \hbox (48.62325pt too wide) in paragraph at lines 724--732
[][] 
 []


LaTeX Warning: No positions in optional float specifier.
               Default added (so using `tbp') on input line 735.


Overfull \hbox (14.49678pt too wide) in paragraph at lines 736--747
[][] 
 []

[39] [40] [41] [42] [43] [44]
Missing character: There is no ↵ in font [lmroman10-regular]:mapping=tex-text;!
 [45]
Underfull \hbox (badness 2753) in paragraph at lines 800--801
[]\TU/lmr/m/n/10.53937 OpenCV Library and Documentation. OpenCV HOG detector.
 []


Underfull \hbox (badness 10000) in paragraph at lines 800--801
[]$[][][][][] [] [] [] [][][][] [] [][][][][][] [] [][][] [] [] [] [] [] [] [] 
[][] [] [][][] [] [][][][][][][][] [] [][][][][][][][][][] []
 []


Underfull \hbox (badness 10000) in paragraph at lines 801--802
[]$[][][][][] [] [] [] [][][][] [] [][][][][][] [] [][][] [] [] [] [] [] [] [] 
[][] [] [][][] [] [][][][][][][][] [] [][] [] [][][][][][][][] []
 []


Underfull \hbox (badness 7667) in paragraph at lines 802--805
[]\TU/lmr/m/n/10.53937 OpenCV Library and Documentation. OpenCV HOG detec-
 []


Underfull \hbox (badness 10000) in paragraph at lines 802--805
\TU/lmr/m/n/10.53937 tor. []$[][][][][] [] [] [] [][][][] [] [][][][][][] [] []
[][] [] [] [] [] [] [] [] [][] [] [][][] [] [][][][][][][][] [] [] []
 []


Underfull \hbox (badness 10000) in paragraph at lines 805--808
[]\TU/lmr/m/n/10.53937 OpenCV Library and Documentation. OpenCV HOG de-
 []


Underfull \hbox (badness 10000) in paragraph at lines 805--808
\TU/lmr/m/n/10.53937 scriptor. []$[][][][][] [] [] [] [][][][] [] [][][][][][] 
[] [][][] [] [] [] [] [] [] [] [][] [] [][][] [] [][][][][][][][] []
 []


Underfull \hbox (badness 10000) in paragraph at lines 805--808
[] [] [][][][][][][][][][][][][][] [] [][][][] [] [][][][][][][] [] [][][][][] 
[] [] [] [][][][] [] [][][][][][] []
 []


Underfull \hbox (badness 10000) in paragraph at lines 805--808
[][][] [] [] [] [] [] [] [] [][] [] [][][] [] [][][][][][][][] [] [] [] [][][][
][][][][][][][][][][] [] [][][][] []
 []


Underfull \hbox (badness 2384) in paragraph at lines 805--808
[][][][][][][][][][][][][][][][][][][][][][][][][][][][][][][][][]$[]\TU/lmr/m/
n/10.53937 . [Online: accessed May 1,
 []


Underfull \hbox (badness 1990) in paragraph at lines 808--809
[]\TU/lmr/m/n/10.53937 OpenCV Library and Documentation. OpenCV SVM Classifier.

 []


Underfull \hbox (badness 10000) in paragraph at lines 808--809
[]$[][][][][] [] [] [] [][][][] [] [][][][][][] [] [][][] [] [] [] [] [] [] [] 
[][] [] [][][] [] [][][][][][][][] [] [][][][][][][][][][][][] []
 []

[46]
Package atveryend Info: Empty hook `BeforeClearDocument' on input line 814.
 [47]
Package atveryend Info: Empty hook `AfterLastShipout' on input line 814.
 (./report.aux)
Package atveryend Info: Empty hook `AtVeryEndDocument' on input line 814.
Package atveryend Info: Executing hook `AtEndAfterFileList' on input line 814.


Package rerunfilecheck Warning: File `report.out' has changed.
(rerunfilecheck)                Rerun to get outlines right
(rerunfilecheck)                or use package `bookmark'.

Package rerunfilecheck Info: Checksums for `report.out':
(rerunfilecheck)             Before: D41D8CD98F00B204E9800998ECF8427E;0
(rerunfilecheck)             After:  2876B2DF7604697394B51C41228A405F;4129.

LaTeX Font Warning: Size substitutions with differences
(Font)              up to 0.41063pt have occurred.


LaTeX Warning: Label(s) may have changed. Rerun to get cross-references right.

Package atveryend Info: Empty hook `AtVeryVeryEnd' on input line 814.
 ) 
Here is how much of TeX's memory you used:
 16366 strings out of 479418
 356299 string characters out of 5881946
 654506 words of memory out of 5000000
 33571 multiletter control sequences out of 15000+600000
 534646 words of font info for 63 fonts, out of 8000000 for 9000
 1348 hyphenation exceptions out of 8191
 56i,13n,68p,417b,547s stack positions out of 5000i,500n,10000p,200000b,80000s

Output written on report.pdf (47 pages).
