\BOOKMARK [1][-]{section.1}{Introduction}{}% 1
\BOOKMARK [2][-]{subsection.1.1}{Aim}{section.1}% 2
\BOOKMARK [2][-]{subsection.1.2}{Challenges}{section.1}% 3
\BOOKMARK [2][-]{subsection.1.3}{Approaches}{section.1}% 4
\BOOKMARK [2][-]{subsection.1.4}{Impact of COVID-19}{section.1}% 5
\BOOKMARK [1][-]{section.2}{Background}{}% 6
\BOOKMARK [2][-]{subsection.2.1}{Previous work}{section.2}% 7
\BOOKMARK [2][-]{subsection.2.2}{Player detection}{section.2}% 8
\BOOKMARK [3][-]{subsubsection.2.2.1}{Background Subtraction}{subsection.2.2}% 9
\BOOKMARK [3][-]{subsubsection.2.2.2}{Detection by model based on HOG features}{subsection.2.2}% 10
\BOOKMARK [3][-]{subsubsection.2.2.3}{Detection by pre-trained model from Mask-RCNN}{subsection.2.2}% 11
\BOOKMARK [2][-]{subsection.2.3}{Player Classification}{section.2}% 12
\BOOKMARK [3][-]{subsubsection.2.3.1}{Features}{subsection.2.3}% 13
\BOOKMARK [3][-]{subsubsection.2.3.2}{BOVW}{subsection.2.3}% 14
\BOOKMARK [3][-]{subsubsection.2.3.3}{Classifier}{subsection.2.3}% 15
\BOOKMARK [2][-]{subsection.2.4}{Tracking}{section.2}% 16
\BOOKMARK [3][-]{subsubsection.2.4.1}{Kalman filter}{subsection.2.4}% 17
\BOOKMARK [3][-]{subsubsection.2.4.2}{Temporal coherence}{subsection.2.4}% 18
\BOOKMARK [1][-]{section.3}{Development}{}% 19
\BOOKMARK [2][-]{subsection.3.1}{System workflow}{section.3}% 20
\BOOKMARK [2][-]{subsection.3.2}{Player detection}{section.3}% 21
\BOOKMARK [3][-]{subsubsection.3.2.1}{Heuristics}{subsection.3.2}% 22
\BOOKMARK [3][-]{subsubsection.3.2.2}{Background subtraction}{subsection.3.2}% 23
\BOOKMARK [3][-]{subsubsection.3.2.3}{SVM detector based on HOG}{subsection.3.2}% 24
\BOOKMARK [3][-]{subsubsection.3.2.4}{Detector from Mask-RCNN network}{subsection.3.2}% 25
\BOOKMARK [2][-]{subsection.3.3}{Player identification}{section.3}% 26
\BOOKMARK [2][-]{subsection.3.4}{Tracking}{section.3}% 27
\BOOKMARK [2][-]{subsection.3.5}{Tracklet cleaning \046 Label Correction}{section.3}% 28
\BOOKMARK [3][-]{subsubsection.3.5.1}{Tracklet cleaning}{subsection.3.5}% 29
\BOOKMARK [3][-]{subsubsection.3.5.2}{Label correction}{subsection.3.5}% 30
\BOOKMARK [2][-]{subsection.3.6}{Display}{section.3}% 31
\BOOKMARK [2][-]{subsection.3.7}{Test}{section.3}% 32
\BOOKMARK [1][-]{section.4}{Evaluation}{}% 33
\BOOKMARK [2][-]{subsection.4.1}{Detection}{section.4}% 34
\BOOKMARK [3][-]{subsubsection.4.1.1}{Data collection}{subsection.4.1}% 35
\BOOKMARK [3][-]{subsubsection.4.1.2}{Evaluation standard}{subsection.4.1}% 36
\BOOKMARK [3][-]{subsubsection.4.1.3}{Evaluation \046 experiments}{subsection.4.1}% 37
\BOOKMARK [2][-]{subsection.4.2}{Classification}{section.4}% 38
\BOOKMARK [1][-]{section.5}{Reflection}{}% 39
\BOOKMARK [2][-]{subsection.5.1}{Successes}{section.5}% 40
\BOOKMARK [2][-]{subsection.5.2}{Improvements}{section.5}% 41
\BOOKMARK [2][-]{subsection.5.3}{Future Work}{section.5}% 42
\BOOKMARK [2][-]{subsection.5.4}{Conclusion}{section.5}% 43
