This is pdfTeX, Version 3.14159265-2.6-1.40.18 (TeX Live 2017/Debian) (preloaded format=pdflatex 2020.3.26)  5 MAY 2020 17:53
entering extended mode
 restricted \write18 enabled.
 %&-line parsing enabled.
**report.tex
(./report.tex
LaTeX2e <2017-04-15>
Babel <3.18> and hyphenation patterns for 84 language(s) loaded.
(/usr/share/texlive/texmf-dist/tex/latex/base/article.cls
Document Class: article 2014/09/29 v1.4h Standard LaTeX document class
(/usr/share/texlive/texmf-dist/tex/latex/base/size10.clo
File: size10.clo 2014/09/29 v1.4h Standard LaTeX file (size option)
)
\c@part=\count79
\c@section=\count80
\c@subsection=\count81
\c@subsubsection=\count82
\c@paragraph=\count83
\c@subparagraph=\count84
\c@figure=\count85
\c@table=\count86
\abovecaptionskip=\skip41
\belowcaptionskip=\skip42
\bibindent=\dimen102
)
(/usr/share/texlive/texmf-dist/tex/latex/graphics/graphicx.sty
Package: graphicx 2017/06/01 v1.1a Enhanced LaTeX Graphics (DPC,SPQR)

(/usr/share/texlive/texmf-dist/tex/latex/graphics/keyval.sty
Package: keyval 2014/10/28 v1.15 key=value parser (DPC)
\KV@toks@=\toks14
)
(/usr/share/texlive/texmf-dist/tex/latex/graphics/graphics.sty
Package: graphics 2017/06/25 v1.2c Standard LaTeX Graphics (DPC,SPQR)

(/usr/share/texlive/texmf-dist/tex/latex/graphics/trig.sty
Package: trig 2016/01/03 v1.10 sin cos tan (DPC)
)
(/usr/share/texlive/texmf-dist/tex/latex/graphics-cfg/graphics.cfg
File: graphics.cfg 2016/06/04 v1.11 sample graphics configuration
)
Package graphics Info: Driver file: pdftex.def on input line 99.

(/usr/share/texlive/texmf-dist/tex/latex/graphics-def/pdftex.def
File: pdftex.def 2018/01/08 v1.0l Graphics/color driver for pdftex
))
\Gin@req@height=\dimen103
\Gin@req@width=\dimen104
)
(/usr/share/texlive/texmf-dist/tex/latex/caption/subcaption.sty
Package: subcaption 2016/05/22 v1.1-161 Sub-captions (AR)

(/usr/share/texlive/texmf-dist/tex/latex/caption/caption.sty
Package: caption 2016/02/21 v3.3-144 Customizing captions (AR)

(/usr/share/texlive/texmf-dist/tex/latex/caption/caption3.sty
Package: caption3 2016/05/22 v1.7-166 caption3 kernel (AR)
Package caption3 Info: TeX engine: e-TeX on input line 67.
\captionmargin=\dimen105
\captionmargin@=\dimen106
\captionwidth=\dimen107
\caption@tempdima=\dimen108
\caption@indent=\dimen109
\caption@parindent=\dimen110
\caption@hangindent=\dimen111
)
\c@ContinuedFloat=\count87
)
\c@subfigure=\count88
\c@subtable=\count89
)
(/usr/share/texlive/texmf-dist/tex/latex/multirow/multirow.sty
Package: multirow 2016/11/25 v2.2 Span multiple rows of a table
\multirow@colwidth=\skip43
\multirow@cntb=\count90
\multirow@dima=\skip44
\bigstrutjot=\dimen112
)
(/usr/share/texlive/texmf-dist/tex/latex/amsmath/amsmath.sty
Package: amsmath 2017/09/02 v2.17a AMS math features
\@mathmargin=\skip45

For additional information on amsmath, use the `?' option.
(/usr/share/texlive/texmf-dist/tex/latex/amsmath/amstext.sty
Package: amstext 2000/06/29 v2.01 AMS text

(/usr/share/texlive/texmf-dist/tex/latex/amsmath/amsgen.sty
File: amsgen.sty 1999/11/30 v2.0 generic functions
\@emptytoks=\toks15
\ex@=\dimen113
))
(/usr/share/texlive/texmf-dist/tex/latex/amsmath/amsbsy.sty
Package: amsbsy 1999/11/29 v1.2d Bold Symbols
\pmbraise@=\dimen114
)
(/usr/share/texlive/texmf-dist/tex/latex/amsmath/amsopn.sty
Package: amsopn 2016/03/08 v2.02 operator names
)
\inf@bad=\count91
LaTeX Info: Redefining \frac on input line 213.
\uproot@=\count92
\leftroot@=\count93
LaTeX Info: Redefining \overline on input line 375.
\classnum@=\count94
\DOTSCASE@=\count95
LaTeX Info: Redefining \ldots on input line 472.
LaTeX Info: Redefining \dots on input line 475.
LaTeX Info: Redefining \cdots on input line 596.
\Mathstrutbox@=\box26
\strutbox@=\box27
\big@size=\dimen115
LaTeX Font Info:    Redeclaring font encoding OML on input line 712.
LaTeX Font Info:    Redeclaring font encoding OMS on input line 713.
\macc@depth=\count96
\c@MaxMatrixCols=\count97
\dotsspace@=\muskip10
\c@parentequation=\count98
\dspbrk@lvl=\count99
\tag@help=\toks16
\row@=\count100
\column@=\count101
\maxfields@=\count102
\andhelp@=\toks17
\eqnshift@=\dimen116
\alignsep@=\dimen117
\tagshift@=\dimen118
\tagwidth@=\dimen119
\totwidth@=\dimen120
\lineht@=\dimen121
\@envbody=\toks18
\multlinegap=\skip46
\multlinetaggap=\skip47
\mathdisplay@stack=\toks19
LaTeX Info: Redefining \[ on input line 2817.
LaTeX Info: Redefining \] on input line 2818.
)
(/usr/share/texlive/texmf-dist/tex/latex/hyperref/hyperref.sty
Package: hyperref 2018/02/06 v6.86b Hypertext links for LaTeX

(/usr/share/texlive/texmf-dist/tex/generic/oberdiek/hobsub-hyperref.sty
Package: hobsub-hyperref 2016/05/16 v1.14 Bundle oberdiek, subset hyperref (HO)


(/usr/share/texlive/texmf-dist/tex/generic/oberdiek/hobsub-generic.sty
Package: hobsub-generic 2016/05/16 v1.14 Bundle oberdiek, subset generic (HO)
Package: hobsub 2016/05/16 v1.14 Construct package bundles (HO)
Package: infwarerr 2016/05/16 v1.4 Providing info/warning/error messages (HO)
Package: ltxcmds 2016/05/16 v1.23 LaTeX kernel commands for general use (HO)
Package: ifluatex 2016/05/16 v1.4 Provides the ifluatex switch (HO)
Package ifluatex Info: LuaTeX not detected.
Package: ifvtex 2016/05/16 v1.6 Detect VTeX and its facilities (HO)
Package ifvtex Info: VTeX not detected.
Package: intcalc 2016/05/16 v1.2 Expandable calculations with integers (HO)
Package: ifpdf 2017/03/15 v3.2 Provides the ifpdf switch
Package: etexcmds 2016/05/16 v1.6 Avoid name clashes with e-TeX commands (HO)
Package etexcmds Info: Could not find \expanded.
(etexcmds)             That can mean that you are not using pdfTeX 1.50 or
(etexcmds)             that some package has redefined \expanded.
(etexcmds)             In the latter case, load this package earlier.
Package: kvsetkeys 2016/05/16 v1.17 Key value parser (HO)
Package: kvdefinekeys 2016/05/16 v1.4 Define keys (HO)
Package: pdftexcmds 2018/01/21 v0.26 Utility functions of pdfTeX for LuaTeX (HO
)
Package pdftexcmds Info: LuaTeX not detected.
Package pdftexcmds Info: \pdf@primitive is available.
Package pdftexcmds Info: \pdf@ifprimitive is available.
Package pdftexcmds Info: \pdfdraftmode found.
Package: pdfescape 2016/05/16 v1.14 Implements pdfTeX's escape features (HO)
Package: bigintcalc 2016/05/16 v1.4 Expandable calculations on big integers (HO
)
Package: bitset 2016/05/16 v1.2 Handle bit-vector datatype (HO)
Package: uniquecounter 2016/05/16 v1.3 Provide unlimited unique counter (HO)
)
Package hobsub Info: Skipping package `hobsub' (already loaded).
Package: letltxmacro 2016/05/16 v1.5 Let assignment for LaTeX macros (HO)
Package: hopatch 2016/05/16 v1.3 Wrapper for package hooks (HO)
Package: xcolor-patch 2016/05/16 xcolor patch
Package: atveryend 2016/05/16 v1.9 Hooks at the very end of document (HO)
Package atveryend Info: \enddocument detected (standard20110627).
Package: atbegshi 2016/06/09 v1.18 At begin shipout hook (HO)
Package: refcount 2016/05/16 v3.5 Data extraction from label references (HO)
Package: hycolor 2016/05/16 v1.8 Color options for hyperref/bookmark (HO)
)
(/usr/share/texlive/texmf-dist/tex/generic/ifxetex/ifxetex.sty
Package: ifxetex 2010/09/12 v0.6 Provides ifxetex conditional
)
(/usr/share/texlive/texmf-dist/tex/latex/oberdiek/auxhook.sty
Package: auxhook 2016/05/16 v1.4 Hooks for auxiliary files (HO)
)
(/usr/share/texlive/texmf-dist/tex/latex/oberdiek/kvoptions.sty
Package: kvoptions 2016/05/16 v3.12 Key value format for package options (HO)
)
\@linkdim=\dimen122
\Hy@linkcounter=\count103
\Hy@pagecounter=\count104

(/usr/share/texlive/texmf-dist/tex/latex/hyperref/pd1enc.def
File: pd1enc.def 2018/02/06 v6.86b Hyperref: PDFDocEncoding definition (HO)
)
\Hy@SavedSpaceFactor=\count105

(/usr/share/texlive/texmf-dist/tex/latex/latexconfig/hyperref.cfg
File: hyperref.cfg 2002/06/06 v1.2 hyperref configuration of TeXLive
)
Package hyperref Info: Hyper figures OFF on input line 4509.
Package hyperref Info: Link nesting OFF on input line 4514.
Package hyperref Info: Hyper index ON on input line 4517.
Package hyperref Info: Plain pages OFF on input line 4524.
Package hyperref Info: Backreferencing OFF on input line 4529.
Package hyperref Info: Implicit mode ON; LaTeX internals redefined.
Package hyperref Info: Bookmarks ON on input line 4762.
\c@Hy@tempcnt=\count106

(/usr/share/texlive/texmf-dist/tex/latex/url/url.sty
\Urlmuskip=\muskip11
Package: url 2013/09/16  ver 3.4  Verb mode for urls, etc.
)
LaTeX Info: Redefining \url on input line 5115.
\XeTeXLinkMargin=\dimen123
\Fld@menulength=\count107
\Field@Width=\dimen124
\Fld@charsize=\dimen125
Package hyperref Info: Hyper figures OFF on input line 6369.
Package hyperref Info: Link nesting OFF on input line 6374.
Package hyperref Info: Hyper index ON on input line 6377.
Package hyperref Info: backreferencing OFF on input line 6384.
Package hyperref Info: Link coloring OFF on input line 6389.
Package hyperref Info: Link coloring with OCG OFF on input line 6394.
Package hyperref Info: PDF/A mode OFF on input line 6399.
LaTeX Info: Redefining \ref on input line 6439.
LaTeX Info: Redefining \pageref on input line 6443.
\Hy@abspage=\count108
\c@Item=\count109
\c@Hfootnote=\count110
)
Package hyperref Info: Driver (autodetected): hpdftex.

(/usr/share/texlive/texmf-dist/tex/latex/hyperref/hpdftex.def
File: hpdftex.def 2018/02/06 v6.86b Hyperref driver for pdfTeX
\Fld@listcount=\count111
\c@bookmark@seq@number=\count112

(/usr/share/texlive/texmf-dist/tex/latex/oberdiek/rerunfilecheck.sty
Package: rerunfilecheck 2016/05/16 v1.8 Rerun checks for auxiliary files (HO)
Package uniquecounter Info: New unique counter `rerunfilecheck' on input line 2
82.
)
\Hy@SectionHShift=\skip48
)
(./report.aux)
\openout1 = `report.aux'.

LaTeX Font Info:    Checking defaults for OML/cmm/m/it on input line 9.
LaTeX Font Info:    ... okay on input line 9.
LaTeX Font Info:    Checking defaults for T1/cmr/m/n on input line 9.
LaTeX Font Info:    ... okay on input line 9.
LaTeX Font Info:    Checking defaults for OT1/cmr/m/n on input line 9.
LaTeX Font Info:    ... okay on input line 9.
LaTeX Font Info:    Checking defaults for OMS/cmsy/m/n on input line 9.
LaTeX Font Info:    ... okay on input line 9.
LaTeX Font Info:    Checking defaults for OMX/cmex/m/n on input line 9.
LaTeX Font Info:    ... okay on input line 9.
LaTeX Font Info:    Checking defaults for U/cmr/m/n on input line 9.
LaTeX Font Info:    ... okay on input line 9.
LaTeX Font Info:    Checking defaults for PD1/pdf/m/n on input line 9.
LaTeX Font Info:    ... okay on input line 9.

(/usr/share/texlive/texmf-dist/tex/context/base/mkii/supp-pdf.mkii
[Loading MPS to PDF converter (version 2006.09.02).]
\scratchcounter=\count113
\scratchdimen=\dimen126
\scratchbox=\box28
\nofMPsegments=\count114
\nofMParguments=\count115
\everyMPshowfont=\toks20
\MPscratchCnt=\count116
\MPscratchDim=\dimen127
\MPnumerator=\count117
\makeMPintoPDFobject=\count118
\everyMPtoPDFconversion=\toks21
) (/usr/share/texlive/texmf-dist/tex/latex/oberdiek/epstopdf-base.sty
Package: epstopdf-base 2016/05/15 v2.6 Base part for package epstopdf

(/usr/share/texlive/texmf-dist/tex/latex/oberdiek/grfext.sty
Package: grfext 2016/05/16 v1.2 Manage graphics extensions (HO)
)
Package epstopdf-base Info: Redefining graphics rule for `.eps' on input line 4
38.
Package grfext Info: Graphics extension search list:
(grfext)             [.pdf,.png,.jpg,.mps,.jpeg,.jbig2,.jb2,.PDF,.PNG,.JPG,.JPE
G,.JBIG2,.JB2,.eps]
(grfext)             \AppendGraphicsExtensions on input line 456.

(/usr/share/texlive/texmf-dist/tex/latex/latexconfig/epstopdf-sys.cfg
File: epstopdf-sys.cfg 2010/07/13 v1.3 Configuration of (r)epstopdf for TeX Liv
e
))
Package caption Info: Begin \AtBeginDocument code.
Package caption Info: hyperref package is loaded.
Package caption Info: End \AtBeginDocument code.
\AtBeginShipoutBox=\box29
Package hyperref Info: Link coloring OFF on input line 9.

(/usr/share/texlive/texmf-dist/tex/latex/hyperref/nameref.sty
Package: nameref 2016/05/21 v2.44 Cross-referencing by name of section

(/usr/share/texlive/texmf-dist/tex/generic/oberdiek/gettitlestring.sty
Package: gettitlestring 2016/05/16 v1.5 Cleanup title references (HO)
)
\c@section@level=\count119
)
LaTeX Info: Redefining \ref on input line 9.
LaTeX Info: Redefining \pageref on input line 9.
LaTeX Info: Redefining \nameref on input line 9.

(./report.out) (./report.out)
\@outlinefile=\write3
\openout3 = `report.out'.

 [1

{/var/lib/texmf/fonts/map/pdftex/updmap/pdftex.map}] [2] (./report.toc [3])
\tf@toc=\write4
\openout4 = `report.toc'.

 [4] (./report.lof
Overfull \hbox (0.94507pt too wide) in paragraph at lines 24--24
 [][] [][]\OT1/cmr/m/n/10 False pos-i-tive given by heuris-tic. Left: heuris-ti
c off; Right: heuris- 
 []

)
\tf@lof=\write5
\openout5 = `report.lof'.

 [5] (./report.lot)
\tf@lot=\write6
\openout6 = `report.lot'.

 [6]
Missing character: There is no ‚ in font cmr10!
Missing character: There is no Ä in font cmr10!
Missing character: There is no ô in font cmr10!
LaTeX Font Info:    Try loading font information for OMS+cmr on input line 35.

(/usr/share/texlive/texmf-dist/tex/latex/base/omscmr.fd
File: omscmr.fd 2014/09/29 v2.5h Standard LaTeX font definitions
)
LaTeX Font Info:    Font shape `OMS/cmr/m/n' in size <10> not available
(Font)              Font shape `OMS/cmsy/m/n' tried instead on input line 35.
Missing character: There is no ‚ in font cmr10!
Missing character: There is no Ä in font cmr10!
Missing character: There is no ô in font cmr10!
 [7] [8]
Missing character: There is no ‚ in font cmr10!
Missing character: There is no Ä in font cmr10!
Missing character: There is no ô in font cmr10!
Missing character: There is no ‚ in font cmr10!
Missing character: There is no Ä in font cmr10!
Missing character: There is no ô in font cmr10!
 [9]
<report/pic/2/Background_Subtraction_Tutorial_Scheme.png, id=353, 356.0803pt x 
188.20313pt>
File: report/pic/2/Background_Subtraction_Tutorial_Scheme.png Graphic file (typ
e png)
<use report/pic/2/Background_Subtraction_Tutorial_Scheme.png>
Package pdftex.def Info: report/pic/2/Background_Subtraction_Tutorial_Scheme.pn
g  used on input line 70.
(pdftex.def)             Requested size: 320.46931pt x 169.38123pt.
Missing character: There is no ‚ in font cmr10!
Missing character: There is no Ä in font cmr10!
Missing character: There is no ò in font cmr10!
Missing character: There is no ‚ in font cmr10!
Missing character: There is no Ä in font cmr10!
Missing character: There is no ô in font cmr10!
Missing character: There is no ‚ in font cmr10!
Missing character: There is no Ä in font cmr10!
Missing character: There is no ô in font cmr10!

Underfull \hbox (badness 10000) in paragraph at lines 67--78

 []

[10 <./report/pic/2/Background_Subtraction_Tutorial_Scheme.png>]
<report/pic/2/Sample_of_gradients.png, id=360, 451.6875pt x 368.37625pt>
File: report/pic/2/Sample_of_gradients.png Graphic file (type png)
<use report/pic/2/Sample_of_gradients.png>
Package pdftex.def Info: report/pic/2/Sample_of_gradients.png  used on input li
ne 82.
(pdftex.def)             Requested size: 225.84319pt x 184.18767pt.
<report/pic/2/HOG_of_a_picture.png, id=361, 307.1475pt x 613.29124pt>
File: report/pic/2/HOG_of_a_picture.png Graphic file (type png)
<use report/pic/2/HOG_of_a_picture.png>
Package pdftex.def Info: report/pic/2/HOG_of_a_picture.png  used on input line 
87.
(pdftex.def)             Requested size: 92.14496pt x 183.98878pt.
<report/pic/2/RCNN_arch.jpg, id=362, 409.53pt x 408.52625pt>
File: report/pic/2/RCNN_arch.jpg Graphic file (type jpg)
<use report/pic/2/RCNN_arch.jpg>
Package pdftex.def Info: report/pic/2/RCNN_arch.jpg  used on input line 96.
(pdftex.def)             Requested size: 204.7645pt x 204.26262pt.
<report/pic/2/anchor_point.png, id=363, 1290.8225pt x 949.5475pt>
File: report/pic/2/anchor_point.png Graphic file (type png)
<use report/pic/2/anchor_point.png>
Package pdftex.def Info: report/pic/2/anchor_point.png  used on input line 103.

(pdftex.def)             Requested size: 322.70483pt x 237.38629pt.

Underfull \hbox (badness 10000) in paragraph at lines 93--110

 []

[11] [12 <./report/pic/2/Sample_of_gradients.png> <./report/pic/2/HOG_of_a_pict
ure.png>] [13 <./report/pic/2/RCNN_arch.jpg>] [14 <./report/pic/2/anchor_point.
png (PNG copy)>]
Missing character: There is no ‚ in font cmr10!
Missing character: There is no Ä in font cmr10!
Missing character: There is no ú in font cmr10!
Missing character: There is no ‚ in font cmr10!
Missing character: There is no Ä in font cmr10!
Missing character: There is no ù in font cmr10!
Missing character: There is no ‚ in font cmr10!
Missing character: There is no Ä in font cmr10!
Missing character: There is no ú in font cmr10!
Missing character: There is no ‚ in font cmr10!
Missing character: There is no Ä in font cmr10!
Missing character: There is no ù in font cmr10!
<report/pic/2/sift_dog.jpg, id=384, 451.6875pt x 326.21875pt>
File: report/pic/2/sift_dog.jpg Graphic file (type jpg)
<use report/pic/2/sift_dog.jpg>
Package pdftex.def Info: report/pic/2/sift_dog.jpg  used on input line 119.
(pdftex.def)             Requested size: 225.84319pt x 163.10896pt.
<report/pic/2/sift_local_extrema.jpg, id=385, 290.08376pt x 234.8775pt>
File: report/pic/2/sift_local_extrema.jpg Graphic file (type jpg)
<use report/pic/2/sift_local_extrema.jpg>
Package pdftex.def Info: report/pic/2/sift_local_extrema.jpg  used on input lin
e 124.
(pdftex.def)             Requested size: 145.04152pt x 117.43846pt.
 [15 <./report/pic/2/sift_dog.jpg> <./report/pic/2/sift_local_extrema.jpg>]
Missing character: There is no ‚ in font cmr10!
Missing character: There is no á in font cmr10!
Missing character: There is no § in font cmr10!
<report/pic/2/build_BOVW_histogram.jpeg, id=391, 627.34375pt x 588.1975pt>
File: report/pic/2/build_BOVW_histogram.jpeg Graphic file (type jpg)
<use report/pic/2/build_BOVW_histogram.jpeg>
Package pdftex.def Info: report/pic/2/build_BOVW_histogram.jpeg  used on input 
line 136.
(pdftex.def)             Requested size: 250.93304pt x 235.27483pt.
Missing character: There is no ‚ in font cmr10!
Missing character: There is no Ä in font cmr10!
Missing character: There is no ò in font cmr10!
Missing character: There is no ‚ in font cmr10!
Missing character: There is no Ä in font cmr10!
Missing character: There is no ô in font cmr10!
 [16 <./report/pic/2/build_BOVW_histogram.jpeg>]
<report/pic/2/kf_workflow.jpeg, id=396, 642.4pt x 354.32375pt>
File: report/pic/2/kf_workflow.jpeg Graphic file (type jpg)
<use report/pic/2/kf_workflow.jpeg>
Package pdftex.def Info: report/pic/2/kf_workflow.jpeg  used on input line 154.

(pdftex.def)             Requested size: 256.95544pt x 141.72697pt.
Missing character: There is no ‚ in font cmr10!
Missing character: There is no Ä in font cmr10!
Missing character: There is no ô in font cmr10!

Underfull \hbox (badness 10000) in paragraph at lines 158--160

 []

[17] [18 <./report/pic/2/kf_workflow.jpeg (PNG copy)>] [19]
Underfull \hbox (badness 10000) in paragraph at lines 177--178

 []

<report/pic/3/background.jpg, id=414, 1807.75375pt x 1017.8025pt>
File: report/pic/3/background.jpg Graphic file (type jpg)
<use report/pic/3/background.jpg>
Package pdftex.def Info: report/pic/3/background.jpg  used on input line 185.
(pdftex.def)             Requested size: 361.54434pt x 203.5569pt.

Overfull \hbox (16.54434pt too wide) in paragraph at lines 185--186
 [][] 
 []

<report/pic/3/foreground.png, id=415, 1807.75375pt x 1016.79875pt>
File: report/pic/3/foreground.png Graphic file (type png)
<use report/pic/3/foreground.png>
Package pdftex.def Info: report/pic/3/foreground.png  used on input line 190.
(pdftex.def)             Requested size: 361.54434pt x 203.35614pt.

Overfull \hbox (16.54434pt too wide) in paragraph at lines 190--191
 [][] 
 []

Missing character: There is no ‚ in font cmr10!
Missing character: There is no Ä in font cmr10!
Missing character: There is no ô in font cmr10!
<report/pic/3/multi_box_2.png, id=416, 476.78125pt x 212.795pt>
File: report/pic/3/multi_box_2.png Graphic file (type png)
<use report/pic/3/multi_box_2.png>
Package pdftex.def Info: report/pic/3/multi_box_2.png  used on input line 204.
(pdftex.def)             Requested size: 190.7091pt x 85.11649pt.
<report/pic/3/multi_box_1.png, id=417, 476.78125pt x 229.85875pt>
File: report/pic/3/multi_box_1.png Graphic file (type png)
<use report/pic/3/multi_box_1.png>
Package pdftex.def Info: report/pic/3/multi_box_1.png  used on input line 208.
(pdftex.def)             Requested size: 190.7091pt x 91.94186pt.
<report/pic/3/occlusion_1.png, id=418, 321.2pt x 211.79124pt>
File: report/pic/3/occlusion_1.png Graphic file (type png)
<use report/pic/3/occlusion_1.png>
Package pdftex.def Info: report/pic/3/occlusion_1.png  used on input line 215.
(pdftex.def)             Requested size: 128.47772pt x 84.715pt.
<report/pic/3/occlusion_0.png, id=419, 318.18875pt x 206.7725pt>
File: report/pic/3/occlusion_0.png Graphic file (type png)
<use report/pic/3/occlusion_0.png>
Package pdftex.def Info: report/pic/3/occlusion_0.png  used on input line 218.
(pdftex.def)             Requested size: 127.27324pt x 82.70752pt.
Missing character: There is no ‚ in font cmr10!
Missing character: There is no Ä in font cmr10!
Missing character: There is no ô in font cmr10!
<report/pic/3/complete_blob_1.png, id=420, 449.68pt x 228.855pt>
File: report/pic/3/complete_blob_1.png Graphic file (type png)
<use report/pic/3/complete_blob_1.png>
Package pdftex.def Info: report/pic/3/complete_blob_1.png  used on input line 2
29.
(pdftex.def)             Requested size: 179.8688pt x 91.54037pt.
<report/pic/3/complete_blob.png, id=421, 456.70625pt x 231.86626pt>
File: report/pic/3/complete_blob.png Graphic file (type png)
<use report/pic/3/complete_blob.png>
Package pdftex.def Info: report/pic/3/complete_blob.png  used on input line 233
.
(pdftex.def)             Requested size: 182.67926pt x 92.74484pt.
[20] [21 <./report/pic/3/background.jpg> <./report/pic/3/foreground.png>]
[22 <./report/pic/3/multi_box_2.png> <./report/pic/3/multi_box_1.png> <./report
/pic/3/occlusion_1.png> <./report/pic/3/occlusion_0.png>]
<report/pic/3/vulnerability_to_occlusion_1.png, id=439, 364.36125pt x 283.0575p
t>
File: report/pic/3/vulnerability_to_occlusion_1.png Graphic file (type png)
<use report/pic/3/vulnerability_to_occlusion_1.png>
Package pdftex.def Info: report/pic/3/vulnerability_to_occlusion_1.png  used on
 input line 245.
(pdftex.def)             Requested size: 145.74191pt x 113.22098pt.

Overfull \hbox (7.74402pt too wide) in paragraph at lines 245--246
[][] 
 []

<report/pic/3/vulnerbility_to_occlusion_2.png, id=440, 231.86626pt x 249.93375p
t>
File: report/pic/3/vulnerbility_to_occlusion_2.png Graphic file (type png)
<use report/pic/3/vulnerbility_to_occlusion_2.png>
Package pdftex.def Info: report/pic/3/vulnerbility_to_occlusion_2.png  used on 
input line 248.
(pdftex.def)             Requested size: 115.93283pt x 124.96657pt.
Missing character: There is no ‚ in font cmr10!
Missing character: There is no Ä in font cmr10!
Missing character: There is no ì in font cmr10!

LaTeX Warning: `!h' float specifier changed to `!ht'.

<report/pic/3/selfHOG_1stround_2.png, id=441, 1609.01125pt x 445.665pt>
File: report/pic/3/selfHOG_1stround_2.png Graphic file (type png)
<use report/pic/3/selfHOG_1stround_2.png>
Package pdftex.def Info: report/pic/3/selfHOG_1stround_2.png  used on input lin
e 261.
(pdftex.def)             Requested size: 321.79655pt x 89.13141pt.
<report/pic/3/selfHOG_1stround_1.png, id=442, 1602.98875pt x 438.63875pt>
File: report/pic/3/selfHOG_1stround_1.png Graphic file (type png)
<use report/pic/3/selfHOG_1stround_1.png>
Package pdftex.def Info: report/pic/3/selfHOG_1stround_1.png  used on input lin
e 265.
(pdftex.def)             Requested size: 320.59207pt x 87.72618pt.
[23 <./report/pic/3/complete_blob_1.png> <./report/pic/3/complete_blob.png>]
<report/pic/3/selfHOG_2ndround_1.png, id=450, 1606.0pt x 428.60126pt>
File: report/pic/3/selfHOG_2ndround_1.png Graphic file (type png)
<use report/pic/3/selfHOG_2ndround_1.png>
Package pdftex.def Info: report/pic/3/selfHOG_2ndround_1.png  used on input lin
e 273.
(pdftex.def)             Requested size: 321.19432pt x 85.71872pt.
<report/pic/3/selfHOG_2ndround_2.png, id=451, 1604.99625pt x 436.63126pt>
File: report/pic/3/selfHOG_2ndround_2.png Graphic file (type png)
<use report/pic/3/selfHOG_2ndround_2.png>
Package pdftex.def Info: report/pic/3/selfHOG_2ndround_2.png  used on input lin
e 277.
(pdftex.def)             Requested size: 320.99356pt x 87.32469pt.
<report/pic/3/selfHOG_2ndround_3.png, id=452, 1602.98875pt x 444.66125pt>
File: report/pic/3/selfHOG_2ndround_3.png Graphic file (type png)
<use report/pic/3/selfHOG_2ndround_3.png>
Package pdftex.def Info: report/pic/3/selfHOG_2ndround_3.png  used on input lin
e 281.
(pdftex.def)             Requested size: 320.59207pt x 88.93066pt.
<report/pic/3/selfHOG_2ndround_4.png, id=453, 1602.98875pt x 439.6425pt>
File: report/pic/3/selfHOG_2ndround_4.png Graphic file (type png)
<use report/pic/3/selfHOG_2ndround_4.png>
Package pdftex.def Info: report/pic/3/selfHOG_2ndround_4.png  used on input lin
e 285.
(pdftex.def)             Requested size: 320.59207pt x 87.92694pt.

[24 <./report/pic/3/vulnerability_to_occlusion_1.png> <./report/pic/3/vulnerbil
ity_to_occlusion_2.png> <./report/pic/3/selfHOG_1stround_2.png> <./report/pic/3
/selfHOG_1stround_1.png>]
<report/pic/3/selfHOG_3rdround_1.png, id=463, 1607.00375pt x 452.69125pt>
File: report/pic/3/selfHOG_3rdround_1.png Graphic file (type png)
<use report/pic/3/selfHOG_3rdround_1.png>
Package pdftex.def Info: report/pic/3/selfHOG_3rdround_1.png  used on input lin
e 293.
(pdftex.def)             Requested size: 321.39507pt x 90.53664pt.
<report/pic/3/selfHOG_3rdround_2.png, id=464, 1606.0pt x 464.73625pt>
File: report/pic/3/selfHOG_3rdround_2.png Graphic file (type png)
<use report/pic/3/selfHOG_3rdround_2.png>
Package pdftex.def Info: report/pic/3/selfHOG_3rdround_2.png  used on input lin
e 297.
(pdftex.def)             Requested size: 321.19432pt x 92.9456pt.
<report/pic/3/selfHOG_3rdround_3.png, id=465, 1606.0pt x 424.58624pt>
File: report/pic/3/selfHOG_3rdround_3.png Graphic file (type png)
<use report/pic/3/selfHOG_3rdround_3.png>
Package pdftex.def Info: report/pic/3/selfHOG_3rdround_3.png  used on input lin
e 301.
(pdftex.def)             Requested size: 321.19432pt x 84.91574pt.
<report/pic/3/selfHOG_3rdround_4.png, id=466, 1604.99625pt x 434.62375pt>
File: report/pic/3/selfHOG_3rdround_4.png Graphic file (type png)
<use report/pic/3/selfHOG_3rdround_4.png>
Package pdftex.def Info: report/pic/3/selfHOG_3rdround_4.png  used on input lin
e 305.
(pdftex.def)             Requested size: 320.99356pt x 86.9232pt.


LaTeX Warning: `!h' float specifier changed to `!ht'.

<report/pic/3_new/det_occlu.jpg, id=467, 1541.76pt x 413.545pt>
File: report/pic/3_new/det_occlu.jpg Graphic file (type jpg)
<use report/pic/3_new/det_occlu.jpg>
Package pdftex.def Info: report/pic/3_new/det_occlu.jpg  used on input line 313
.
(pdftex.def)             Requested size: 308.34654pt x 82.70752pt.
<report/pic/3_new/false_posi.jpg, id=468, 1541.76pt x 521.95pt>
File: report/pic/3_new/false_posi.jpg Graphic file (type jpg)
<use report/pic/3_new/false_posi.jpg>
Package pdftex.def Info: report/pic/3_new/false_posi.jpg  used on input line 31
8.
(pdftex.def)             Requested size: 308.34654pt x 104.38814pt.
<report/pic/3_new/failure.jpg, id=469, 1541.76pt x 420.57124pt>
File: report/pic/3_new/failure.jpg Graphic file (type jpg)
<use report/pic/3_new/failure.jpg>
Package pdftex.def Info: report/pic/3_new/failure.jpg  used on input line 323.
(pdftex.def)             Requested size: 308.34654pt x 84.11275pt.

LaTeX Warning: `!h' float specifier changed to `!ht'.

Missing character: There is no ‚ in font cmr10!
Missing character: There is no Ä in font cmr10!
Missing character: There is no ô in font cmr10!
[25 <./report/pic/3/selfHOG_2ndround_1.png> <./report/pic/3/selfHOG_2ndround_2.
png> <./report/pic/3/selfHOG_2ndround_3.png> <./report/pic/3/selfHOG_2ndround_4
.png>]
Missing character: There is no ‚ in font cmr10!
Missing character: There is no Ä in font cmr10!
Missing character: There is no ô in font cmr10!
Missing character: There is no ‚ in font cmr10!
Missing character: There is no Ä in font cmr10!
Missing character: There is no ô in font cmr10!
 [26 <./report/pic/3/selfHOG_3rdround_1.png> <./report/pic/3/selfHOG_3rdround_2
.png> <./report/pic/3/selfHOG_3rdround_3.png> <./report/pic/3/selfHOG_3rdround_
4.png>]
Overfull \hbox (13.58398pt too wide) in paragraph at lines 338--343
\OT1/cmr/m/n/10 If 2 play-ers are com-ing close to each other from top-left and
 bottom-right(judgement
 []

[27 <./report/pic/3_new/det_occlu.jpg> <./report/pic/3_new/false_posi.jpg> <./r
eport/pic/3_new/failure.jpg>]
<report/pic/3/heuristic_1.PNG, id=494, 246.9225pt x 140.02313pt>
File: report/pic/3/heuristic_1.PNG Graphic file (type png)
<use report/pic/3/heuristic_1.PNG>
Package pdftex.def Info: report/pic/3/heuristic_1.PNG  used on input line 347.
(pdftex.def)             Requested size: 123.46094pt x 70.01138pt.
<report/pic/3/heuristic_2.PNG, id=495, 327.47343pt x 182.93344pt>
File: report/pic/3/heuristic_2.PNG Graphic file (type png)
<use report/pic/3/heuristic_2.PNG>
Package pdftex.def Info: report/pic/3/heuristic_2.PNG  used on input line 352.
(pdftex.def)             Requested size: 163.73631pt x 91.46649pt.
<report/pic/3_new/off_1.jpg, id=496, 401.5pt x 401.5pt>
File: report/pic/3_new/off_1.jpg Graphic file (type jpg)
<use report/pic/3_new/off_1.jpg>
Package pdftex.def Info: report/pic/3_new/off_1.jpg  used on input line 361.
(pdftex.def)             Requested size: 160.59715pt x 160.59715pt.
<report/pic/3_new/on_1.jpg, id=497, 401.5pt x 401.5pt>
File: report/pic/3_new/on_1.jpg Graphic file (type jpg)
<use report/pic/3_new/on_1.jpg>
Package pdftex.def Info: report/pic/3_new/on_1.jpg  used on input line 365.
(pdftex.def)             Requested size: 160.59715pt x 160.59715pt.
<report/pic/3_new/off_2.jpg, id=498, 401.5pt x 401.5pt>
File: report/pic/3_new/off_2.jpg Graphic file (type jpg)
<use report/pic/3_new/off_2.jpg>
Package pdftex.def Info: report/pic/3_new/off_2.jpg  used on input line 369.
(pdftex.def)             Requested size: 160.59715pt x 160.59715pt.
<report/pic/3_new/on_2.jpg, id=499, 401.5pt x 401.5pt>
File: report/pic/3_new/on_2.jpg Graphic file (type jpg)
<use report/pic/3_new/on_2.jpg>
Package pdftex.def Info: report/pic/3_new/on_2.jpg  used on input line 373.
(pdftex.def)             Requested size: 160.59715pt x 160.59715pt.
<report/pic/3_new/off_3.jpg, id=500, 401.5pt x 401.5pt>
File: report/pic/3_new/off_3.jpg Graphic file (type jpg)
<use report/pic/3_new/off_3.jpg>
Package pdftex.def Info: report/pic/3_new/off_3.jpg  used on input line 377.
(pdftex.def)             Requested size: 160.59715pt x 160.59715pt.
<report/pic/3_new/on_3.jpg, id=501, 401.5pt x 401.5pt>
File: report/pic/3_new/on_3.jpg Graphic file (type jpg)
<use report/pic/3_new/on_3.jpg>
Package pdftex.def Info: report/pic/3_new/on_3.jpg  used on input line 381.
(pdftex.def)             Requested size: 160.59715pt x 160.59715pt.

Overfull \hbox (2.22221pt too wide) in paragraph at lines 359--383
[][] []
 []


Overfull \hbox (2.22221pt too wide) in paragraph at lines 359--383
[] []
 []


Overfull \hbox (2.22221pt too wide) in paragraph at lines 359--383
[] [] 
 []


LaTeX Warning: `!h' float specifier changed to `!ht'.

<report/pic/3_new/off_seq_1.jpg, id=502, 401.5pt x 401.5pt>
File: report/pic/3_new/off_seq_1.jpg Graphic file (type jpg)
<use report/pic/3_new/off_seq_1.jpg>
Package pdftex.def Info: report/pic/3_new/off_seq_1.jpg  used on input line 389
.
(pdftex.def)             Requested size: 160.59715pt x 160.59715pt.
<report/pic/3_new/on_seq_1.jpg, id=503, 401.5pt x 401.5pt>
File: report/pic/3_new/on_seq_1.jpg Graphic file (type jpg)
<use report/pic/3_new/on_seq_1.jpg>
Package pdftex.def Info: report/pic/3_new/on_seq_1.jpg  used on input line 393.

(pdftex.def)             Requested size: 160.59715pt x 160.59715pt.
<report/pic/3_new/off_seq_2.jpg, id=504, 401.5pt x 401.5pt>
File: report/pic/3_new/off_seq_2.jpg Graphic file (type jpg)
<use report/pic/3_new/off_seq_2.jpg>
Package pdftex.def Info: report/pic/3_new/off_seq_2.jpg  used on input line 397
.
(pdftex.def)             Requested size: 160.59715pt x 160.59715pt.
<report/pic/3_new/on_seq_2.jpg, id=505, 401.5pt x 401.5pt>
File: report/pic/3_new/on_seq_2.jpg Graphic file (type jpg)
<use report/pic/3_new/on_seq_2.jpg>
Package pdftex.def Info: report/pic/3_new/on_seq_2.jpg  used on input line 401.

(pdftex.def)             Requested size: 160.59715pt x 160.59715pt.
<report/pic/3_new/off_seq_3.jpg, id=506, 401.5pt x 401.5pt>
File: report/pic/3_new/off_seq_3.jpg Graphic file (type jpg)
<use report/pic/3_new/off_seq_3.jpg>
Package pdftex.def Info: report/pic/3_new/off_seq_3.jpg  used on input line 405
.
(pdftex.def)             Requested size: 160.59715pt x 160.59715pt.
<report/pic/3_new/on_seq_3.jpg, id=507, 401.5pt x 401.5pt>
File: report/pic/3_new/on_seq_3.jpg Graphic file (type jpg)
<use report/pic/3_new/on_seq_3.jpg>
Package pdftex.def Info: report/pic/3_new/on_seq_3.jpg  used on input line 409.

(pdftex.def)             Requested size: 160.59715pt x 160.59715pt.

Overfull \hbox (2.22221pt too wide) in paragraph at lines 387--411
[][] []
 []


Overfull \hbox (2.22221pt too wide) in paragraph at lines 387--411
[] []
 []


Overfull \hbox (2.22221pt too wide) in paragraph at lines 387--411
[] [] 
 []


LaTeX Warning: `!h' float specifier changed to `!ht'.

<report/pic/3_new/off_seq_4.jpg, id=508, 401.5pt x 401.5pt>
File: report/pic/3_new/off_seq_4.jpg Graphic file (type jpg)
<use report/pic/3_new/off_seq_4.jpg>
Package pdftex.def Info: report/pic/3_new/off_seq_4.jpg  used on input line 417
.
(pdftex.def)             Requested size: 160.59715pt x 160.59715pt.
<report/pic/3_new/on_seq_4.jpg, id=509, 401.5pt x 401.5pt>
File: report/pic/3_new/on_seq_4.jpg Graphic file (type jpg)
<use report/pic/3_new/on_seq_4.jpg>
Package pdftex.def Info: report/pic/3_new/on_seq_4.jpg  used on input line 421.

(pdftex.def)             Requested size: 160.59715pt x 160.59715pt.
<report/pic/3_new/off_seq_5.jpg, id=510, 401.5pt x 401.5pt>
File: report/pic/3_new/off_seq_5.jpg Graphic file (type jpg)
<use report/pic/3_new/off_seq_5.jpg>
Package pdftex.def Info: report/pic/3_new/off_seq_5.jpg  used on input line 425
.
(pdftex.def)             Requested size: 160.59715pt x 160.59715pt.
<report/pic/3_new/on_seq_5.jpg, id=511, 401.5pt x 401.5pt>
File: report/pic/3_new/on_seq_5.jpg Graphic file (type jpg)
<use report/pic/3_new/on_seq_5.jpg>
Package pdftex.def Info: report/pic/3_new/on_seq_5.jpg  used on input line 429.

(pdftex.def)             Requested size: 160.59715pt x 160.59715pt.
<report/pic/3_new/off_seq_6.jpg, id=512, 401.5pt x 401.5pt>
File: report/pic/3_new/off_seq_6.jpg Graphic file (type jpg)
<use report/pic/3_new/off_seq_6.jpg>
Package pdftex.def Info: report/pic/3_new/off_seq_6.jpg  used on input line 433
.
(pdftex.def)             Requested size: 160.59715pt x 160.59715pt.
<report/pic/3_new/on_seq_6.jpg, id=513, 401.5pt x 401.5pt>
File: report/pic/3_new/on_seq_6.jpg Graphic file (type jpg)
<use report/pic/3_new/on_seq_6.jpg>
Package pdftex.def Info: report/pic/3_new/on_seq_6.jpg  used on input line 437.

(pdftex.def)             Requested size: 160.59715pt x 160.59715pt.

Overfull \hbox (2.22221pt too wide) in paragraph at lines 415--439
[][] []
 []


Overfull \hbox (2.22221pt too wide) in paragraph at lines 415--439
[] []
 []


Overfull \hbox (2.22221pt too wide) in paragraph at lines 415--439
[] [] 
 []


LaTeX Warning: `!h' float specifier changed to `!ht'.

<report/pic/3_new/heu_false_off.jpg, id=514, 382.42876pt x 382.42876pt>
File: report/pic/3_new/heu_false_off.jpg Graphic file (type jpg)
<use report/pic/3_new/heu_false_off.jpg>
Package pdftex.def Info: report/pic/3_new/heu_false_off.jpg  used on input line
 445.
(pdftex.def)             Requested size: 152.96878pt x 152.96878pt.
<report/pic/3_new/heu_false_on.jpg, id=515, 382.42876pt x 382.42876pt>
File: report/pic/3_new/heu_false_on.jpg Graphic file (type jpg)
<use report/pic/3_new/heu_false_on.jpg>
Package pdftex.def Info: report/pic/3_new/heu_false_on.jpg  used on input line 
449.
(pdftex.def)             Requested size: 152.96878pt x 152.96878pt.

Overfull \hbox (2.22221pt too wide) in paragraph at lines 443--451
[][] [] 
 []


LaTeX Warning: `!h' float specifier changed to `!ht'.


Underfull \hbox (badness 10000) in paragraph at lines 459--465

 []

[28 <./report/pic/3/heuristic_1.PNG> <./report/pic/3/heuristic_2.PNG>] [29 <./r
eport/pic/3_new/off_1.jpg> <./report/pic/3_new/on_1.jpg> <./report/pic/3_new/of
f_2.jpg> <./report/pic/3_new/on_2.jpg> <./report/pic/3_new/off_3.jpg> <./report
/pic/3_new/on_3.jpg>]

LaTeX Warning: Text page 30 contains only floats.

[30 <./report/pic/3_new/off_seq_1.jpg> <./report/pic/3_new/on_seq_1.jpg> <./rep
ort/pic/3_new/off_seq_2.jpg> <./report/pic/3_new/on_seq_2.jpg> <./report/pic/3_
new/off_seq_3.jpg> <./report/pic/3_new/on_seq_3.jpg>]

LaTeX Warning: Text page 31 contains only floats.

[31 <./report/pic/3_new/off_seq_4.jpg> <./report/pic/3_new/on_seq_4.jpg> <./rep
ort/pic/3_new/off_seq_5.jpg> <./report/pic/3_new/on_seq_5.jpg> <./report/pic/3_
new/off_seq_6.jpg> <./report/pic/3_new/on_seq_6.jpg>] [32 <./report/pic/3_new/h
eu_false_off.jpg> <./report/pic/3_new/heu_false_on.jpg>]
Underfull \hbox (badness 10000) in paragraph at lines 465--467

 []

<report/pic/3_new/no_occlusion.png, id=539, 1807.75375pt x 304.13625pt>
File: report/pic/3_new/no_occlusion.png Graphic file (type png)
<use report/pic/3_new/no_occlusion.png>
Package pdftex.def Info: report/pic/3_new/no_occlusion.png  used on input line 
478.
(pdftex.def)             Requested size: 361.54434pt x 60.82616pt.

Overfull \hbox (16.54434pt too wide) in paragraph at lines 478--479
 [][] 
 []

<report/pic/3_new/success.png, id=540, 1805.74625pt x 406.51875pt>
File: report/pic/3_new/success.png Graphic file (type png)
<use report/pic/3_new/success.png>
Package pdftex.def Info: report/pic/3_new/success.png  used on input line 483.
(pdftex.def)             Requested size: 361.14285pt x 81.3023pt.

Overfull \hbox (16.14285pt too wide) in paragraph at lines 483--484
 [][] 
 []

<report/pic/3_new/false_identity.png, id=541, 1805.74625pt x 291.0875pt>
File: report/pic/3_new/false_identity.png Graphic file (type png)
<use report/pic/3_new/false_identity.png>
Package pdftex.def Info: report/pic/3_new/false_identity.png  used on input lin
e 488.
(pdftex.def)             Requested size: 361.14285pt x 58.21646pt.

Overfull \hbox (16.14285pt too wide) in paragraph at lines 488--489
 [][] 
 []

<report/pic/3_new/false_negative.png, id=542, 1806.75pt x 299.1175pt>
File: report/pic/3_new/false_negative.png Graphic file (type png)
<use report/pic/3_new/false_negative.png>
Package pdftex.def Info: report/pic/3_new/false_negative.png  used on input lin
e 493.
(pdftex.def)             Requested size: 361.3436pt x 59.82243pt.

Overfull \hbox (16.3436pt too wide) in paragraph at lines 493--494
 [][] 
 []


LaTeX Warning: `!h' float specifier changed to `!ht'.

[33] [34 <./report/pic/3_new/no_occlusion.png> <./report/pic/3_new/success.png>
 <./report/pic/3_new/false_identity.png> <./report/pic/3_new/false_negative.png
>] [35]
Underfull \hbox (badness 10000) in paragraph at lines 517--522

 []

<report/pic/4/pos_1.jpg, id=564, 54.2025pt x 147.55125pt>
File: report/pic/4/pos_1.jpg Graphic file (type jpg)
<use report/pic/4/pos_1.jpg>
Package pdftex.def Info: report/pic/4/pos_1.jpg  used on input line 530.
(pdftex.def)             Requested size: 21.6806pt x 59.01944pt.
<report/pic/4/pos_2.jpg, id=565, 60.225pt x 149.55875pt>
File: report/pic/4/pos_2.jpg Graphic file (type jpg)
<use report/pic/4/pos_2.jpg>
Package pdftex.def Info: report/pic/4/pos_2.jpg  used on input line 535.
(pdftex.def)             Requested size: 24.08955pt x 59.82243pt.
<report/pic/4/pos_3.jpg, id=566, 56.21pt x 115.43124pt>
File: report/pic/4/pos_3.jpg Graphic file (type jpg)
<use report/pic/4/pos_3.jpg>
Package pdftex.def Info: report/pic/4/pos_3.jpg  used on input line 540.
(pdftex.def)             Requested size: 22.4836pt x 46.17168pt.
[36]
<report/pic/4/neg_1.jpg, id=571, 54.2025pt x 170.6375pt>
File: report/pic/4/neg_1.jpg Graphic file (type jpg)
<use report/pic/4/neg_1.jpg>
Package pdftex.def Info: report/pic/4/neg_1.jpg  used on input line 550.
(pdftex.def)             Requested size: 21.6806pt x 68.25378pt.
<report/pic/4/neg_2.jpg, id=572, 66.2475pt x 225.84375pt>
File: report/pic/4/neg_2.jpg Graphic file (type jpg)
<use report/pic/4/neg_2.jpg>
Package pdftex.def Info: report/pic/4/neg_2.jpg  used on input line 555.
(pdftex.def)             Requested size: 26.49852pt x 90.33589pt.
<report/pic/4/neg_3.jpg, id=573, 61.22874pt x 197.73875pt>
File: report/pic/4/neg_3.jpg Graphic file (type jpg)
<use report/pic/4/neg_3.jpg>
Package pdftex.def Info: report/pic/4/neg_3.jpg  used on input line 560.
(pdftex.def)             Requested size: 24.49104pt x 79.09409pt.
<report/pic/4/neg_4.jpg, id=574, 50.1875pt x 135.50626pt>
File: report/pic/4/neg_4.jpg Graphic file (type jpg)
<use report/pic/4/neg_4.jpg>
Package pdftex.def Info: report/pic/4/neg_4.jpg  used on input line 565.
(pdftex.def)             Requested size: 20.07463pt x 54.20152pt.
<report/pic/4/neg_5.jpg, id=575, 113.42375pt x 101.37875pt>
File: report/pic/4/neg_5.jpg Graphic file (type jpg)
<use report/pic/4/neg_5.jpg>
Package pdftex.def Info: report/pic/4/neg_5.jpg  used on input line 570.
(pdftex.def)             Requested size: 45.36868pt x 40.55077pt.
<report/pic/4/neg_6.jpg, id=576, 66.2475pt x 94.3525pt>
File: report/pic/4/neg_6.jpg Graphic file (type jpg)
<use report/pic/4/neg_6.jpg>
Package pdftex.def Info: report/pic/4/neg_6.jpg  used on input line 575.
(pdftex.def)             Requested size: 26.49852pt x 37.74031pt.
 [37 <./report/pic/4/pos_1.jpg> <./report/pic/4/pos_2.jpg> <./report/pic/4/pos_
3.jpg> <./report/pic/4/neg_1.jpg> <./report/pic/4/neg_2.jpg> <./report/pic/4/ne
g_3.jpg> <./report/pic/4/neg_4.jpg> <./report/pic/4/neg_5.jpg> <./report/pic/4/
neg_6.jpg>]

LaTeX Warning: No positions in optional float specifier.
               Default added (so using `tbp') on input line 607.

[38]

LaTeX Warning: No positions in optional float specifier.
               Default added (so using `tbp') on input line 621.


LaTeX Warning: No positions in optional float specifier.
               Default added (so using `tbp') on input line 635.


LaTeX Warning: No positions in optional float specifier.
               Default added (so using `tbp') on input line 649.


LaTeX Warning: No positions in optional float specifier.
               Default added (so using `tbp') on input line 663.


LaTeX Warning: No positions in optional float specifier.
               Default added (so using `tbp') on input line 679.


Overfull \hbox (25.63956pt too wide) in paragraph at lines 681--689
 [][] 
 []

[39]

LaTeX Warning: No positions in optional float specifier.
               Default added (so using `tbp') on input line 692.


Overfull \hbox (39.11182pt too wide) in paragraph at lines 693--705
[][] 
 []


LaTeX Warning: No positions in optional float specifier.
               Default added (so using `tbp') on input line 708.


Overfull \hbox (39.11182pt too wide) in paragraph at lines 709--721
[][] 
 []


LaTeX Warning: No positions in optional float specifier.
               Default added (so using `tbp') on input line 724.


Overfull \hbox (39.11182pt too wide) in paragraph at lines 725--736
[][] 
 []


LaTeX Warning: No positions in optional float specifier.
               Default added (so using `tbp') on input line 739.


Overfull \hbox (49.88965pt too wide) in paragraph at lines 740--748
[][] 
 []


LaTeX Warning: No positions in optional float specifier.
               Default added (so using `tbp') on input line 751.


Overfull \hbox (17.52849pt too wide) in paragraph at lines 752--763
[][] 
 []

[40] [41] [42] [43] [44] [45]
Missing character: There is no ‚ in font cmr10!
Missing character: There is no Ä in font cmr10!
Missing character: There is no ì in font cmr10!
Missing character: There is no ‚ in font cmr10!
Missing character: There is no Ü in font cmr10!
Missing character: There is no µ in font cmr10!
Missing character: There is no ‚ in font cmr10!
Missing character: There is no Ä in font cmr10!
Missing character: There is no ì in font cmr10!
Missing character: There is no ‚ in font cmr10!
Missing character: There is no Ä in font cmr10!
Missing character: There is no ì in font cmr10!
Missing character: There is no √ in font cmr10!
Missing character: There is no ° in font cmr10!
Missing character: There is no ‚ in font cmr10!
Missing character: There is no Ä in font cmr10!
Missing character: There is no ô in font cmr10!
Missing character: There is no ‚ in font cmr10!
Missing character: There is no Ä in font cmr10!
Missing character: There is no ì in font cmr10!
Missing character: There is no ‚ in font cmr10!
Missing character: There is no Ä in font cmr10!
Missing character: There is no ì in font cmr10!
Missing character: There is no ‚ in font cmr10!
Missing character: There is no Ä in font cmr10!
Missing character: There is no ô in font cmr10!
Missing character: There is no ‚ in font cmr10!
Missing character: There is no Ä in font cmr10!
Missing character: There is no ì in font cmr10!
Missing character: There is no ‚ in font cmr10!
Missing character: There is no Ä in font cmr10!
Missing character: There is no ì in font cmr10!

Underfull \hbox (badness 10000) in paragraph at lines 822--823
[]\OT1/cmr/m/n/10 OpenCV Li-brary and Doc-u-men-ta-tion. OpenCV HOG de-tec-tor.

 []


Underfull \hbox (badness 10000) in paragraph at lines 822--823
[]$\OT1/cmtt/m/n/10 https : / / docs . opencv . org / 3 . 4 . 2 / d1 / dc5 / tu
torial _ background _
 []


Underfull \hbox (badness 5681) in paragraph at lines 823--824
[]\OT1/cmr/m/n/10 OpenCV Li-brary and Doc-u-men-ta-tion. Opencv find-con-tours 
func-
 []

[46]
Underfull \hbox (badness 10000) in paragraph at lines 824--827
\OT1/cmtt/m/n/10 / / docs . opencv . org / 3 . 4 . 2 / d5 / d33 / structcv _ 1 
_ 1HOGDescriptor . html #
 []


Underfull \hbox (badness 10000) in paragraph at lines 827--830
\OT1/cmtt/m/n/10 / / docs . opencv . org / 3 . 4 . 2 / d5 / d33 / structcv _ 1 
_ 1HOGDescriptor .
 []


Underfull \hbox (badness 10000) in paragraph at lines 827--830
\OT1/cmtt/m/n/10 html # details . https : / / docs . opencv . org / 3 . 4 . 2 /
 d5 / d33 / structcv _
 []


Underfull \hbox (badness 10000) in paragraph at lines 830--831
\OT1/cmtt/m/n/10 docs . opencv . org / 3 . 4 . 2 / d1 / d73 / tutorial _ introd
uction _ to _ svm . html$[]\OT1/cmr/m/n/10 .
 []

Missing character: There is no √ in font cmr10!
Missing character: There is no ° in font cmr10!
Package atveryend Info: Empty hook `BeforeClearDocument' on input line 836.
[47]
Package atveryend Info: Empty hook `AfterLastShipout' on input line 836.
 (./report.aux)
Package atveryend Info: Executing hook `AtVeryEndDocument' on input line 836.
Package atveryend Info: Executing hook `AtEndAfterFileList' on input line 836.
Package rerunfilecheck Info: File `report.out' has not changed.
(rerunfilecheck)             Checksum: 8E20669359692DE38B992E36423DA329;2910.
Package atveryend Info: Empty hook `AtVeryVeryEnd' on input line 836.
 ) 
Here is how much of TeX's memory you used:
 7318 strings out of 492982
 115202 string characters out of 6134896
 223918 words of memory out of 5000000
 10605 multiletter control sequences out of 15000+600000
 6425 words of font info for 24 fonts, out of 8000000 for 9000
 1141 hyphenation exceptions out of 8191
 42i,13n,40p,1196b,460s stack positions out of 5000i,500n,10000p,200000b,80000s
</usr/share/texlive/texmf-dist/fonts/type1/public/amsfonts/cm/cmbx10.pfb></us
r/share/texlive/texmf-dist/fonts/type1/public/amsfonts/cm/cmbx12.pfb></usr/shar
e/texlive/texmf-dist/fonts/type1/public/amsfonts/cm/cmex10.pfb></usr/share/texl
ive/texmf-dist/fonts/type1/public/amsfonts/cm/cmmi10.pfb></usr/share/texlive/te
xmf-dist/fonts/type1/public/amsfonts/cm/cmmi5.pfb></usr/share/texlive/texmf-dis
t/fonts/type1/public/amsfonts/cm/cmmi7.pfb></usr/share/texlive/texmf-dist/fonts
/type1/public/amsfonts/cm/cmr10.pfb></usr/share/texlive/texmf-dist/fonts/type1/
public/amsfonts/cm/cmr5.pfb></usr/share/texlive/texmf-dist/fonts/type1/public/a
msfonts/cm/cmr7.pfb></usr/share/texlive/texmf-dist/fonts/type1/public/amsfonts/
cm/cmr9.pfb></usr/share/texlive/texmf-dist/fonts/type1/public/amsfonts/cm/cmsy1
0.pfb></usr/share/texlive/texmf-dist/fonts/type1/public/amsfonts/cm/cmsy5.pfb><
/usr/share/texlive/texmf-dist/fonts/type1/public/amsfonts/cm/cmsy7.pfb></usr/sh
are/texlive/texmf-dist/fonts/type1/public/amsfonts/cm/cmti10.pfb></usr/share/te
xlive/texmf-dist/fonts/type1/public/amsfonts/cm/cmtt10.pfb>
Output written on report.pdf (47 pages, 15188295 bytes).
PDF statistics:
 745 PDF objects out of 1000 (max. 8388607)
 580 compressed objects within 6 object streams
 160 named destinations out of 1000 (max. 500000)
 680 words of extra memory for PDF output out of 10000 (max. 10000000)

